2025-10-13 07:32:28.547: [INFO] VisibilityChanged: 0
2025-10-13 07:32:28.630: [INFO] RecordSyncInitDuration has_sync_been_enabled: 0 state: 0
2025-10-13 07:32:28.631: [INFO] RecordSyncInitDuration has_sync_been_enabled: 0 state: 0
2025-10-13 07:32:28.632: [INFO] RecordSyncInitDuration has_sync_been_enabled: 0 state: 0
2025-10-13 07:32:28.633: [INFO] RecordSyncInitDuration has_sync_been_enabled: 0 state: 0
2025-10-13 07:32:28.634: [INFO] RecordSyncInitDuration has_sync_been_enabled: 0 state: 0
2025-10-13 07:32:28.636: [INFO] RecordSyncInitDuration has_sync_been_enabled: 0 state: 0
2025-10-13 07:32:28.641: [INFO] RecordSyncInitDuration has_sync_been_enabled: 0 state: 0
2025-10-13 07:32:28.643: [INFO] RecordSyncInitDuration has_sync_been_enabled: 0 state: 0
2025-10-13 07:32:28.644: [INFO] RecordSyncInitDuration has_sync_been_enabled: 0 state: 0
2025-10-13 07:32:28.645: [INFO] RecordSyncInitDuration has_sync_been_enabled: 0 state: 0
2025-10-13 07:32:28.647: [INFO] RecordSyncInitDuration has_sync_been_enabled: 0 state: 0
2025-10-13 07:32:28.660: [INFO] BookmarkNodeAdded, ABU: 0
2025-10-13 07:32:28.660: [INFO] BookmarkNodeAdded, ABU: 0
2025-10-13 07:32:28.660: [INFO] BookmarkNodeAdded, ABU: 0
2025-10-13 07:32:28.660: [INFO] BookmarkModelLoaded, ids_reassigned: 0
2025-10-13 07:32:28.660: [INFO] OnDoneLoading sync enabled: 0
2025-10-13 07:32:28.691: [INFO] RecordSyncInitDuration has_sync_been_enabled: 0 state: 0
2025-10-13 07:32:28.871: [INFO] RecordSyncInitDuration has_sync_been_enabled: 0 state: 3
2025-10-13 07:32:28.886: [INFO] Primary account changed.
2025-10-13 07:32:28.886: [INFO] OnPrimaryAccountChanged PrimaryAccountChangeEvent::Type::kSet
2025-10-13 07:32:28.893: [INFO] RecordSyncInitDuration has_sync_been_enabled: 0 state: 3
2025-10-13 07:32:29.140: [INFO] RecordSyncInitDuration has_sync_been_enabled: 0 state: 3
2025-10-13 07:32:33.430: [INFO] BookmarkNodeAdded, ABU: 0
2025-10-13 07:32:33.431: [INFO] BookmarkNodeAdded, ABU: 0
2025-10-13 07:32:33.431: [INFO] BookmarkNodeAdded, ABU: 0
2025-10-13 07:32:33.431: [INFO] BookmarkNodeAdded, ABU: 0
2025-10-13 07:32:34.154: [INFO] Sync initialization duration: 4882ms
2025-10-13 09:04:22.403: [INFO] VisibilityChanged: 0
2025-10-13 09:04:22.795: [INFO] BookmarkNodeAdded, ABU: 0
2025-10-13 09:04:22.795: [INFO] BookmarkNodeAdded, ABU: 0
2025-10-13 09:04:22.796: [INFO] BookmarkNodeAdded, ABU: 0
2025-10-13 09:04:22.796: [INFO] BookmarkModelLoaded, ids_reassigned: 0
2025-10-13 09:04:22.796: [INFO] OnDoneLoading sync enabled: 1
2025-10-13 09:04:27.195: [INFO] Sync initialization duration: 3783ms
2025-10-13 12:19:39.838: [INFO] VisibilityChanged: 0
2025-10-13 12:19:40.041: [INFO] BookmarkNodeAdded, ABU: 0
2025-10-13 12:19:40.041: [INFO] BookmarkNodeAdded, ABU: 0
2025-10-13 12:19:40.042: [INFO] BookmarkNodeAdded, ABU: 0
2025-10-13 12:19:40.042: [INFO] BookmarkModelLoaded, ids_reassigned: 0
2025-10-13 12:19:40.042: [INFO] OnDoneLoading sync enabled: 1
2025-10-13 12:19:43.573: [INFO] Sync initialization duration: 3135ms
2025-10-13 14:54:57.361: [INFO] VisibilityChanged: 0
2025-10-13 14:54:57.915: [INFO] BookmarkNodeAdded, ABU: 0
2025-10-13 14:54:57.916: [INFO] BookmarkNodeAdded, ABU: 0
2025-10-13 14:54:57.916: [INFO] BookmarkNodeAdded, ABU: 0
2025-10-13 14:54:57.916: [INFO] BookmarkModelLoaded, ids_reassigned: 0
2025-10-13 14:54:57.916: [INFO] OnDoneLoading sync enabled: 1
2025-10-13 14:55:04.408: [INFO] Sync initialization duration: 3074ms
2025-10-13 14:59:08.738: [INFO] VisibilityChanged: 0
2025-10-13 14:59:08.883: [INFO] BookmarkNodeAdded, ABU: 0
2025-10-13 14:59:08.883: [INFO] BookmarkNodeAdded, ABU: 0
2025-10-13 14:59:08.883: [INFO] BookmarkNodeAdded, ABU: 0
2025-10-13 14:59:08.883: [INFO] BookmarkModelLoaded, ids_reassigned: 0
2025-10-13 14:59:08.883: [INFO] OnDoneLoading sync enabled: 1
2025-10-13 14:59:18.325: [INFO] Sync initialization duration: 9145ms
2025-10-13 16:56:24.100: [INFO] VisibilityChanged: 0
2025-10-13 16:56:24.290: [INFO] BookmarkNodeAdded, ABU: 0
2025-10-13 16:56:24.291: [INFO] BookmarkNodeAdded, ABU: 0
2025-10-13 16:56:24.291: [INFO] BookmarkNodeAdded, ABU: 0
2025-10-13 16:56:24.291: [INFO] BookmarkModelLoaded, ids_reassigned: 0
2025-10-13 16:56:24.291: [INFO] OnDoneLoading sync enabled: 1
2025-10-13 16:56:30.145: [INFO] Sync initialization duration: 5559ms
2025-10-14 06:08:23.665: [INFO] VisibilityChanged: 0
2025-10-14 06:08:23.848: [INFO] BookmarkNodeAdded, ABU: 0
2025-10-14 06:08:23.848: [INFO] BookmarkNodeAdded, ABU: 0
2025-10-14 06:08:23.849: [INFO] BookmarkNodeAdded, ABU: 0
2025-10-14 06:08:23.849: [INFO] BookmarkModelLoaded, ids_reassigned: 0
2025-10-14 06:08:23.849: [INFO] OnDoneLoading sync enabled: 1
2025-10-14 06:08:27.536: [INFO] Sync initialization duration: 3354ms
2025-10-15 08:57:51.162: [INFO] VisibilityChanged: 0
2025-10-15 08:57:51.299: [INFO] BookmarkNodeAdded, ABU: 0
2025-10-15 08:57:51.300: [INFO] BookmarkNodeAdded, ABU: 0
2025-10-15 08:57:51.300: [INFO] BookmarkNodeAdded, ABU: 0
2025-10-15 08:57:51.300: [INFO] BookmarkModelLoaded, ids_reassigned: 0
2025-10-15 08:57:51.300: [INFO] OnDoneLoading sync enabled: 1
2025-10-15 08:58:10.484: [INFO] Sync initialization duration: 17189ms
2025-10-15 10:28:06.834: [INFO] VisibilityChanged: 0
2025-10-15 10:28:07.010: [INFO] BookmarkNodeAdded, ABU: 0
2025-10-15 10:28:07.010: [INFO] BookmarkNodeAdded, ABU: 0
2025-10-15 10:28:07.011: [INFO] BookmarkNodeAdded, ABU: 0
2025-10-15 10:28:07.011: [INFO] BookmarkModelLoaded, ids_reassigned: 0
2025-10-15 10:28:07.011: [INFO] OnDoneLoading sync enabled: 1
2025-10-15 10:28:11.627: [INFO] Sync initialization duration: 4121ms
2025-10-16 04:28:41.225: [INFO] VisibilityChanged: 0
2025-10-16 04:28:41.347: [INFO] BookmarkNodeAdded, ABU: 0
2025-10-16 04:28:41.348: [INFO] BookmarkNodeAdded, ABU: 0
2025-10-16 04:28:41.348: [INFO] BookmarkNodeAdded, ABU: 0
2025-10-16 04:28:41.348: [INFO] BookmarkModelLoaded, ids_reassigned: 0
2025-10-16 04:28:41.348: [INFO] OnDoneLoading sync enabled: 1
2025-10-16 04:28:44.839: [INFO] Sync initialization duration: 3141ms
2025-10-17 05:47:09.610: [INFO] VisibilityChanged: 0
2025-10-17 05:47:09.758: [INFO] BookmarkNodeAdded, ABU: 0
2025-10-17 05:47:09.758: [INFO] BookmarkNodeAdded, ABU: 0
2025-10-17 05:47:09.759: [INFO] BookmarkNodeAdded, ABU: 0
2025-10-17 05:47:09.759: [INFO] BookmarkModelLoaded, ids_reassigned: 0
2025-10-17 05:47:09.759: [INFO] OnDoneLoading sync enabled: 1
2025-10-17 05:47:14.816: [INFO] Sync initialization duration: 3281ms
2025-10-18 03:16:46.190: [INFO] VisibilityChanged: 0
2025-10-18 03:16:46.415: [INFO] BookmarkNodeAdded, ABU: 0
2025-10-18 03:16:46.415: [INFO] BookmarkNodeAdded, ABU: 0
2025-10-18 03:16:46.416: [INFO] BookmarkNodeAdded, ABU: 0
2025-10-18 03:16:46.416: [INFO] BookmarkModelLoaded, ids_reassigned: 0
2025-10-18 03:16:46.416: [INFO] OnDoneLoading sync enabled: 1
2025-10-18 03:16:50.968: [INFO] Sync initialization duration: 2640ms
2025-10-18 10:28:35.892: [INFO] VisibilityChanged: 0
2025-10-18 10:28:36.037: [INFO] BookmarkNodeAdded, ABU: 0
2025-10-18 10:28:36.037: [INFO] BookmarkNodeAdded, ABU: 0
2025-10-18 10:28:36.037: [INFO] BookmarkNodeAdded, ABU: 0
2025-10-18 10:28:36.037: [INFO] BookmarkModelLoaded, ids_reassigned: 0
2025-10-18 10:28:36.037: [INFO] OnDoneLoading sync enabled: 1
2025-10-18 10:28:39.356: [INFO] Sync initialization duration: 2920ms
2025-10-18 13:34:21.503: [INFO] VisibilityChanged: 0
2025-10-18 13:34:21.669: [INFO] BookmarkNodeAdded, ABU: 0
2025-10-18 13:34:21.669: [INFO] BookmarkNodeAdded, ABU: 0
2025-10-18 13:34:21.669: [INFO] BookmarkNodeAdded, ABU: 0
2025-10-18 13:34:21.669: [INFO] BookmarkModelLoaded, ids_reassigned: 0
2025-10-18 13:34:21.669: [INFO] OnDoneLoading sync enabled: 1
2025-10-18 13:34:25.934: [INFO] Sync initialization duration: 3917ms
2025-10-18 17:01:30.788: [INFO] VisibilityChanged: 0
2025-10-18 17:01:30.994: [INFO] BookmarkNodeAdded, ABU: 0
2025-10-18 17:01:30.995: [INFO] BookmarkNodeAdded, ABU: 0
2025-10-18 17:01:30.995: [INFO] BookmarkNodeAdded, ABU: 0
2025-10-18 17:01:30.995: [INFO] BookmarkModelLoaded, ids_reassigned: 0
2025-10-18 17:01:30.995: [INFO] OnDoneLoading sync enabled: 1
2025-10-18 17:01:35.325: [INFO] Sync initialization duration: 3837ms
2025-10-19 12:15:05.748: [INFO] VisibilityChanged: 0
2025-10-19 12:15:05.920: [INFO] BookmarkNodeAdded, ABU: 0
2025-10-19 12:15:05.920: [INFO] BookmarkNodeAdded, ABU: 0
2025-10-19 12:15:05.921: [INFO] BookmarkNodeAdded, ABU: 0
2025-10-19 12:15:05.921: [INFO] BookmarkModelLoaded, ids_reassigned: 0
2025-10-19 12:15:05.921: [INFO] OnDoneLoading sync enabled: 1
2025-10-19 12:15:10.540: [INFO] Sync initialization duration: 3882ms
2025-10-19 12:47:12.480: [INFO] VisibilityChanged: 0
2025-10-19 12:47:12.736: [INFO] BookmarkNodeAdded, ABU: 0
2025-10-19 12:47:12.737: [INFO] BookmarkNodeAdded, ABU: 0
2025-10-19 12:47:12.737: [INFO] BookmarkNodeAdded, ABU: 0
2025-10-19 12:47:12.737: [INFO] BookmarkModelLoaded, ids_reassigned: 0
2025-10-19 12:47:12.737: [INFO] OnDoneLoading sync enabled: 1
2025-10-19 12:47:17.260: [INFO] Sync initialization duration: 3905ms
2025-10-19 15:34:12.485: [INFO] VisibilityChanged: 0
2025-10-19 15:34:12.694: [INFO] BookmarkNodeAdded, ABU: 0
2025-10-19 15:34:12.695: [INFO] BookmarkNodeAdded, ABU: 0
2025-10-19 15:34:12.695: [INFO] BookmarkNodeAdded, ABU: 0
2025-10-19 15:34:12.695: [INFO] BookmarkModelLoaded, ids_reassigned: 0
2025-10-19 15:34:12.695: [INFO] OnDoneLoading sync enabled: 1
2025-10-19 15:34:17.194: [INFO] Sync initialization duration: 4006ms
2025-10-20 03:19:15.437: [INFO] VisibilityChanged: 0
2025-10-20 03:19:15.733: [INFO] BookmarkNodeAdded, ABU: 0
2025-10-20 03:19:15.733: [INFO] BookmarkNodeAdded, ABU: 0
2025-10-20 03:19:15.733: [INFO] BookmarkNodeAdded, ABU: 0
2025-10-20 03:19:15.733: [INFO] BookmarkModelLoaded, ids_reassigned: 0
2025-10-20 03:19:15.734: [INFO] OnDoneLoading sync enabled: 1
2025-10-20 03:19:19.788: [INFO] Sync initialization duration: 3494ms
2025-10-20 04:10:01.189: [INFO] VisibilityChanged: 0
2025-10-20 04:10:01.461: [INFO] BookmarkNodeAdded, ABU: 0
2025-10-20 04:10:01.461: [INFO] BookmarkNodeAdded, ABU: 0
2025-10-20 04:10:01.462: [INFO] BookmarkNodeAdded, ABU: 0
2025-10-20 04:10:01.462: [INFO] BookmarkModelLoaded, ids_reassigned: 0
2025-10-20 04:10:01.462: [INFO] OnDoneLoading sync enabled: 1
2025-10-20 04:10:06.503: [INFO] Sync initialization duration: 4364ms
2025-10-20 05:07:53.816: [INFO] VisibilityChanged: 0
2025-10-20 05:07:53.985: [INFO] BookmarkNodeAdded, ABU: 0
2025-10-20 05:07:53.985: [INFO] BookmarkNodeAdded, ABU: 0
2025-10-20 05:07:53.986: [INFO] BookmarkNodeAdded, ABU: 0
2025-10-20 05:07:53.986: [INFO] BookmarkModelLoaded, ids_reassigned: 0
2025-10-20 05:07:53.986: [INFO] OnDoneLoading sync enabled: 1
2025-10-20 05:07:58.321: [INFO] Sync initialization duration: 3834ms
2025-10-20 05:41:08.255: [INFO] VisibilityChanged: 0
2025-10-20 05:41:08.528: [INFO] BookmarkNodeAdded, ABU: 0
2025-10-20 05:41:08.529: [INFO] BookmarkNodeAdded, ABU: 0
2025-10-20 05:41:08.529: [INFO] BookmarkNodeAdded, ABU: 0
2025-10-20 05:41:08.529: [INFO] BookmarkModelLoaded, ids_reassigned: 0
2025-10-20 05:41:08.529: [INFO] OnDoneLoading sync enabled: 1
2025-10-20 05:41:15.157: [INFO] Sync initialization duration: 4458ms
2025-10-22 03:54:33.288: [INFO] VisibilityChanged: 0
2025-10-22 03:54:33.532: [INFO] BookmarkNodeAdded, ABU: 0
2025-10-22 03:54:33.532: [INFO] BookmarkNodeAdded, ABU: 0
2025-10-22 03:54:33.533: [INFO] BookmarkNodeAdded, ABU: 0
2025-10-22 03:54:33.533: [INFO] BookmarkModelLoaded, ids_reassigned: 0
2025-10-22 03:54:33.533: [INFO] OnDoneLoading sync enabled: 1
2025-10-22 03:54:36.662: [INFO] Sync initialization duration: 2051ms
2025-10-22 11:16:52.793: [INFO] VisibilityChanged: 0
2025-10-22 11:16:53.038: [INFO] BookmarkNodeAdded, ABU: 0
2025-10-22 11:16:53.039: [INFO] BookmarkNodeAdded, ABU: 0
2025-10-22 11:16:53.039: [INFO] BookmarkNodeAdded, ABU: 0
2025-10-22 11:16:53.039: [INFO] BookmarkModelLoaded, ids_reassigned: 0
2025-10-22 11:16:53.039: [INFO] OnDoneLoading sync enabled: 1
2025-10-22 11:16:58.973: [INFO] Sync initialization duration: 4932ms
2025-10-23 09:01:59.530: [INFO] VisibilityChanged: 0
2025-10-23 09:02:01.790: [INFO] BookmarkNodeAdded, ABU: 0
2025-10-23 09:02:01.790: [INFO] BookmarkNodeAdded, ABU: 0
2025-10-23 09:02:01.791: [INFO] BookmarkNodeAdded, ABU: 0
2025-10-23 09:02:01.791: [INFO] BookmarkModelLoaded, ids_reassigned: 0
2025-10-23 09:02:01.791: [INFO] OnDoneLoading sync enabled: 1
2025-10-23 09:02:06.085: [INFO] Sync initialization duration: 3193ms
2025-10-23 11:19:03.530: [INFO] VisibilityChanged: 0
2025-10-23 11:19:03.672: [INFO] BookmarkNodeAdded, ABU: 0
2025-10-23 11:19:03.673: [INFO] BookmarkNodeAdded, ABU: 0
2025-10-23 11:19:03.673: [INFO] BookmarkNodeAdded, ABU: 0
2025-10-23 11:19:03.673: [INFO] BookmarkModelLoaded, ids_reassigned: 0
2025-10-23 11:19:03.673: [INFO] OnDoneLoading sync enabled: 1
2025-10-23 11:19:08.447: [INFO] Sync initialization duration: 4214ms
2025-10-23 20:09:52.787: [INFO] VisibilityChanged: 0
2025-10-23 20:09:53.099: [INFO] BookmarkNodeAdded, ABU: 0
2025-10-23 20:09:53.100: [INFO] BookmarkNodeAdded, ABU: 0
2025-10-23 20:09:53.101: [INFO] BookmarkNodeAdded, ABU: 0
2025-10-23 20:09:53.101: [INFO] BookmarkModelLoaded, ids_reassigned: 0
2025-10-23 20:09:53.101: [INFO] OnDoneLoading sync enabled: 1
2025-10-24 06:55:24.277: [INFO] VisibilityChanged: 0
2025-10-24 06:55:24.401: [INFO] BookmarkNodeAdded, ABU: 0
2025-10-24 06:55:24.401: [INFO] BookmarkNodeAdded, ABU: 0
2025-10-24 06:55:24.401: [INFO] BookmarkNodeAdded, ABU: 0
2025-10-24 06:55:24.401: [INFO] BookmarkModelLoaded, ids_reassigned: 0
2025-10-24 06:55:24.401: [INFO] OnDoneLoading sync enabled: 1
2025-10-24 06:55:27.562: [INFO] Sync initialization duration: 1778ms
2025-10-24 09:00:02.127: [INFO] VisibilityChanged: 0
2025-10-24 09:00:02.267: [INFO] BookmarkNodeAdded, ABU: 0
2025-10-24 09:00:02.268: [INFO] BookmarkNodeAdded, ABU: 0
2025-10-24 09:00:02.268: [INFO] BookmarkNodeAdded, ABU: 0
2025-10-24 09:00:02.268: [INFO] BookmarkModelLoaded, ids_reassigned: 0
2025-10-24 09:00:02.268: [INFO] OnDoneLoading sync enabled: 1
2025-10-24 09:00:07.250: [INFO] Sync initialization duration: 4221ms
2025-10-24 12:02:57.888: [INFO] VisibilityChanged: 0
2025-10-24 12:02:57.977: [INFO] BookmarkNodeAdded, ABU: 0
2025-10-24 12:02:57.977: [INFO] BookmarkNodeAdded, ABU: 0
2025-10-24 12:02:57.978: [INFO] BookmarkNodeAdded, ABU: 0
2025-10-24 12:02:57.978: [INFO] BookmarkModelLoaded, ids_reassigned: 0
2025-10-24 12:02:57.978: [INFO] OnDoneLoading sync enabled: 1
2025-10-24 12:03:02.088: [INFO] Sync initialization duration: 3458ms
2025-10-25 03:22:23.672: [INFO] VisibilityChanged: 0
2025-10-25 03:22:23.774: [INFO] BookmarkNodeAdded, ABU: 0
2025-10-25 03:22:23.775: [INFO] BookmarkNodeAdded, ABU: 0
2025-10-25 03:22:23.775: [INFO] BookmarkNodeAdded, ABU: 0
2025-10-25 03:22:23.775: [INFO] BookmarkModelLoaded, ids_reassigned: 0
2025-10-25 03:22:23.775: [INFO] OnDoneLoading sync enabled: 1
2025-10-25 03:24:12.980: [INFO] Sync initialization duration: 78915ms
2025-10-25 08:25:38.364: [INFO] VisibilityChanged: 0
2025-10-25 08:25:38.445: [INFO] BookmarkNodeAdded, ABU: 0
2025-10-25 08:25:38.445: [INFO] BookmarkNodeAdded, ABU: 0
2025-10-25 08:25:38.445: [INFO] BookmarkNodeAdded, ABU: 0
2025-10-25 08:25:38.445: [INFO] BookmarkModelLoaded, ids_reassigned: 0
2025-10-25 08:25:38.445: [INFO] OnDoneLoading sync enabled: 1
2025-10-25 08:25:40.975: [INFO] Sync initialization duration: 2178ms
2025-10-27 04:42:01.735: [INFO] VisibilityChanged: 0
2025-10-27 04:42:01.843: [INFO] BookmarkNodeAdded, ABU: 0
2025-10-27 04:42:01.843: [INFO] BookmarkNodeAdded, ABU: 0
2025-10-27 04:42:01.844: [INFO] BookmarkNodeAdded, ABU: 0
2025-10-27 04:42:01.844: [INFO] BookmarkModelLoaded, ids_reassigned: 0
2025-10-27 04:42:01.844: [INFO] OnDoneLoading sync enabled: 1
2025-10-27 04:42:05.892: [INFO] Sync initialization duration: 2664ms
2025-10-29 14:58:45.333: [INFO] VisibilityChanged: 0
2025-10-29 14:58:45.700: [INFO] BookmarkNodeAdded, ABU: 0
2025-10-29 14:58:45.700: [INFO] BookmarkNodeAdded, ABU: 0
2025-10-29 14:58:45.701: [INFO] BookmarkNodeAdded, ABU: 0
2025-10-29 14:58:45.701: [INFO] BookmarkModelLoaded, ids_reassigned: 0
2025-10-29 14:58:45.701: [INFO] OnDoneLoading sync enabled: 1
2025-10-29 14:58:50.027: [INFO] Sync initialization duration: 3412ms
2025-11-01 10:49:35.761: [INFO] VisibilityChanged: 0
2025-11-01 10:49:36.138: [INFO] BookmarkNodeAdded, ABU: 0
2025-11-01 10:49:36.139: [INFO] BookmarkNodeAdded, ABU: 0
2025-11-01 10:49:36.139: [INFO] BookmarkNodeAdded, ABU: 0
2025-11-01 10:49:36.139: [INFO] BookmarkModelLoaded, ids_reassigned: 0
2025-11-01 10:49:36.139: [INFO] OnDoneLoading sync enabled: 1
2025-11-01 10:49:39.672: [INFO] Sync initialization duration: 2254ms
2025-11-01 12:15:34.906: [INFO] VisibilityChanged: 0
2025-11-01 12:15:35.047: [INFO] BookmarkNodeAdded, ABU: 0
2025-11-01 12:15:35.047: [INFO] BookmarkNodeAdded, ABU: 0
2025-11-01 12:15:35.047: [INFO] BookmarkNodeAdded, ABU: 0
2025-11-01 12:15:35.047: [INFO] BookmarkModelLoaded, ids_reassigned: 0
2025-11-01 12:15:35.047: [INFO] OnDoneLoading sync enabled: 1
2025-11-01 12:15:39.372: [INFO] Sync initialization duration: 3516ms
2025-11-03 06:13:45.616: [INFO] VisibilityChanged: 0
2025-11-03 06:13:45.750: [INFO] BookmarkNodeAdded, ABU: 0
2025-11-03 06:13:45.750: [INFO] BookmarkNodeAdded, ABU: 0
2025-11-03 06:13:45.751: [INFO] BookmarkNodeAdded, ABU: 0
2025-11-03 06:13:45.751: [INFO] BookmarkModelLoaded, ids_reassigned: 1
2025-11-03 06:13:45.751: [INFO] OnDoneLoading sync enabled: 1
2025-11-03 06:13:50.022: [INFO] Sync initialization duration: 2028ms
