{"logTime": "1025/082541", "correlationVector":"B3GKp/TGVJZjaSUQTR7EJY.1","action":"SyncServerConnectionManagerRequest", "result":"SYNC_SERVER_OK", "context":{"environment":"Prod_southindia_prod-s01-004-apac-southindia", "migrationStage":"NotStarted", "server":"akswtt021000004"}}
{"logTime": "1025/082541", "correlationVector":"B3GKp/TGVJZjaSUQTR7EJY.2","action":"ProcessGetUpdates", "result":"Done", "context":{"dataType":"Preferences", "deleted":"0", "process_failed_to_decrypt":"0", "process_pending_decryption":"0", "process_success":"1", "total":"1"}}
{"logTime": "1025/082541", "correlationVector":"B3GKp/TGVJZjaSUQTR7EJY.3","action":"ProcessGetUpdates", "result":"Done", "context":{"dataType":"Sessions", "deleted":"0", "process_failed_to_decrypt":"0", "process_pending_decryption":"0", "process_success":"1", "total":"1"}}
{"logTime": "1025/082541", "correlationVector":"B3GKp/TGVJZjaSUQTR7EJY.4","action":"ProcessGetUpdates", "result":"Done", "context":{"dataType":"History", "deleted":"0", "process_failed_to_decrypt":"0", "process_pending_decryption":"0", "process_success":"57", "total":"57"}}
{"logTime": "1025/082541", "correlationVector":"B3GKp/TGVJZjaSUQTR7EJY.5","action":"GetUpdates Response", "result":"Success", "context":Received 59 update(s). cV=B3GKp/TGVJZjaSUQTR7EJY.0;server=akswtt021000004;cloudType=Consumer;environment=Prod_southindia_prod-s01-004-apac-southindia;migrationStage=NotStarted}
{"logTime": "1025/082541", "correlationVector":"YLdvVO6/M/aoxkXaUa78dR","action":"Commit Request", "result":"", "context":Item count: 2
Contributing types: Sessions}
{"logTime": "1025/082541", "correlationVector":"YLdvVO6/M/aoxkXaUa78dR.1","action":"SyncServerConnectionManagerRequest", "result":"SYNC_SERVER_OK", "context":{"environment":"Prod_southindia_prod-s01-004-apac-southindia", "migrationStage":"NotStarted", "server":"akswtt02100000n"}}
{"logTime": "1025/082541", "correlationVector":"YLdvVO6/M/aoxkXaUa78dR.2","action":"Commit Response", "result":"Success", "context":Result: Success. cV=YLdvVO6/M/aoxkXaUa78dR.0;server=akswtt02100000n;cloudType=Consumer;environment=Prod_southindia_prod-s01-004-apac-southindia;migrationStage=NotStarted}
{"logTime": "1025/082541", "correlationVector":"c/XbUSqGlrIkZhwgAQora2","action":"Commit Request", "result":"", "context":Item count: 4
Contributing types: Preferences, Passwords}
{"logTime": "1025/082542", "correlationVector":"c/XbUSqGlrIkZhwgAQora2.1","action":"SyncServerConnectionManagerRequest", "result":"SYNC_SERVER_OK", "context":{"environment":"Prod_southindia_prod-s01-004-apac-southindia", "migrationStage":"NotStarted", "server":"akswtt02100000g"}}
{"logTime": "1025/082542", "correlationVector":"c/XbUSqGlrIkZhwgAQora2.2","action":"Commit Response", "result":"Success", "context":Result: Success. cV=c/XbUSqGlrIkZhwgAQora2.0;server=akswtt02100000g;cloudType=Consumer;environment=Prod_southindia_prod-s01-004-apac-southindia;migrationStage=NotStarted}
{"logTime": "1025/082651", "correlationVector":"yJbWDO/zhkHcEsZ2gNd1K8","action":"Commit Request", "result":"", "context":Item count: 6
Contributing types: Sessions, History}
{"logTime": "1025/082651", "correlationVector":"yJbWDO/zhkHcEsZ2gNd1K8.1","action":"SyncServerConnectionManagerRequest", "result":"SYNC_SERVER_OK", "context":{"environment":"Prod_southindia_prod-s01-004-apac-southindia", "migrationStage":"NotStarted", "server":"akswtt02000001l"}}
{"logTime": "1025/082651", "correlationVector":"yJbWDO/zhkHcEsZ2gNd1K8.2","action":"Commit Response", "result":"Success", "context":Result: Success. cV=yJbWDO/zhkHcEsZ2gNd1K8.0;server=akswtt02000001l;cloudType=Consumer;environment=Prod_southindia_prod-s01-004-apac-southindia;migrationStage=NotStarted}
{"logTime": "1025/083017", "correlationVector":"0pWb3rLxIFX8b7g+YCojb7","action":"Commit Request", "result":"", "context":Item count: 5
Contributing types: Sessions, History}
{"logTime": "1025/083020", "correlationVector":"0pWb3rLxIFX8b7g+YCojb7.1","action":"SyncServerConnectionManagerRequest", "result":"SYNC_SERVER_OK", "context":{"environment":"Prod_southindia_prod-s01-004-apac-southindia", "migrationStage":"NotStarted", "server":"akswtt02100001d"}}
{"logTime": "1025/083020", "correlationVector":"0pWb3rLxIFX8b7g+YCojb7.2","action":"Commit Response", "result":"Success", "context":Result: Success. cV=0pWb3rLxIFX8b7g+YCojb7.0;server=akswtt02100001d;cloudType=Consumer;environment=Prod_southindia_prod-s01-004-apac-southindia;migrationStage=NotStarted}
{"logTime": "1025/083121", "correlationVector":"z/jgxuQXJFvoRf7fODA7CZ","action":"Commit Request", "result":"", "context":Item count: 10
Contributing types: Sessions, History}
{"logTime": "1025/083122", "correlationVector":"z/jgxuQXJFvoRf7fODA7CZ.1","action":"SyncServerConnectionManagerRequest", "result":"SYNC_SERVER_OK", "context":{"environment":"Prod_southindia_prod-s01-004-apac-southindia", "migrationStage":"NotStarted", "server":"akswtt02000001k"}}
{"logTime": "1025/083122", "correlationVector":"z/jgxuQXJFvoRf7fODA7CZ.2","action":"Commit Response", "result":"Success", "context":Result: Success. cV=z/jgxuQXJFvoRf7fODA7CZ.0;server=akswtt02000001k;cloudType=Consumer;environment=Prod_southindia_prod-s01-004-apac-southindia;migrationStage=NotStarted}
{"logTime": "1025/083314", "correlationVector":"tE9gWfpaogTtwEyAIZjSyP","action":"Commit Request", "result":"", "context":Item count: 6
Contributing types: Sessions, History}
{"logTime": "1025/083316", "correlationVector":"tE9gWfpaogTtwEyAIZjSyP.1","action":"SyncServerConnectionManagerRequest", "result":"SYNC_SERVER_OK", "context":{"environment":"Prod_southindia_prod-s01-004-apac-southindia", "migrationStage":"NotStarted", "server":"akswtt02100000e"}}
{"logTime": "1025/083316", "correlationVector":"tE9gWfpaogTtwEyAIZjSyP.2","action":"Commit Response", "result":"Success", "context":Result: Success. cV=tE9gWfpaogTtwEyAIZjSyP.0;server=akswtt02100000e;cloudType=Consumer;environment=Prod_southindia_prod-s01-004-apac-southindia;migrationStage=NotStarted}
{"logTime": "1025/083940", "correlationVector":"Uyq4fwvxfjAESp29YkJFcU","action":"Commit Request", "result":"", "context":Item count: 5
Contributing types: Sessions, History}
{"logTime": "1025/083940", "correlationVector":"Uyq4fwvxfjAESp29YkJFcU.1","action":"SyncServerConnectionManagerRequest", "result":"SYNC_SERVER_OK", "context":{"environment":"Prod_southindia_prod-s01-004-apac-southindia", "migrationStage":"NotStarted", "server":"akswtt021000011"}}
{"logTime": "1025/083940", "correlationVector":"Uyq4fwvxfjAESp29YkJFcU.2","action":"Commit Response", "result":"Success", "context":Result: Success. cV=Uyq4fwvxfjAESp29YkJFcU.0;server=akswtt021000011;cloudType=Consumer;environment=Prod_southindia_prod-s01-004-apac-southindia;migrationStage=NotStarted}
{"logTime": "1025/085638", "correlationVector":"lUQjxtkZk/6eST5dsEz+pn","action":"Commit Request", "result":"", "context":Item count: 6
Contributing types: Sessions, History}
{"logTime": "1025/085639", "correlationVector":"lUQjxtkZk/6eST5dsEz+pn.1","action":"SyncServerConnectionManagerRequest", "result":"SYNC_SERVER_OK", "context":{"environment":"Prod_southindia_prod-s01-004-apac-southindia", "migrationStage":"NotStarted", "server":"akswtt02100001n"}}
{"logTime": "1025/085639", "correlationVector":"lUQjxtkZk/6eST5dsEz+pn.2","action":"Commit Response", "result":"Success", "context":Result: Success. cV=lUQjxtkZk/6eST5dsEz+pn.0;server=akswtt02100001n;cloudType=Consumer;environment=Prod_southindia_prod-s01-004-apac-southindia;migrationStage=NotStarted}
{"logTime": "1025/085751", "correlationVector":"K6AEr6JmswtsSmwrV9HR7r","action":"Commit Request", "result":"", "context":Item count: 8
Contributing types: Sessions, History}
{"logTime": "1025/085752", "correlationVector":"K6AEr6JmswtsSmwrV9HR7r.1","action":"SyncServerConnectionManagerRequest", "result":"SYNC_SERVER_OK", "context":{"environment":"Prod_southindia_prod-s01-004-apac-southindia", "migrationStage":"NotStarted", "server":"akswtt02100001p"}}
{"logTime": "1025/085752", "correlationVector":"K6AEr6JmswtsSmwrV9HR7r.2","action":"Commit Response", "result":"Success", "context":Result: Success. cV=K6AEr6JmswtsSmwrV9HR7r.0;server=akswtt02100001p;cloudType=Consumer;environment=Prod_southindia_prod-s01-004-apac-southindia;migrationStage=NotStarted}
{"logTime": "1025/090202", "correlationVector":"14jtRUAI05x+76mgKIDLdD","action":"Commit Request", "result":"", "context":Item count: 1
Contributing types: Device Info}
{"logTime": "1025/090203", "correlationVector":"14jtRUAI05x+76mgKIDLdD.1","action":"SyncServerConnectionManagerRequest", "result":"SYNC_SERVER_OK", "context":{"environment":"Prod_southindia_prod-s01-004-apac-southindia", "migrationStage":"NotStarted", "server":"akswtt02100001k"}}
{"logTime": "1025/090203", "correlationVector":"14jtRUAI05x+76mgKIDLdD.2","action":"Commit Response", "result":"Success", "context":Result: Success. cV=14jtRUAI05x+76mgKIDLdD.0;server=akswtt02100001k;cloudType=Consumer;environment=Prod_southindia_prod-s01-004-apac-southindia;migrationStage=NotStarted}
{"logTime": "1025/091115", "correlationVector":"FhkUB4JBMm5t5TKdugR8t7","action":"Commit Request", "result":"", "context":Item count: 1
Contributing types: Sessions}
{"logTime": "1025/091116", "correlationVector":"FhkUB4JBMm5t5TKdugR8t7.1","action":"SyncServerConnectionManagerRequest", "result":"SYNC_SERVER_OK", "context":{"environment":"Prod_southindia_prod-s01-004-apac-southindia", "migrationStage":"NotStarted", "server":"akswtt02100001d"}}
{"logTime": "1025/091116", "correlationVector":"FhkUB4JBMm5t5TKdugR8t7.2","action":"Commit Response", "result":"Success", "context":Result: Success. cV=FhkUB4JBMm5t5TKdugR8t7.0;server=akswtt02100001d;cloudType=Consumer;environment=Prod_southindia_prod-s01-004-apac-southindia;migrationStage=NotStarted}
{"logTime": "1025/092316", "correlationVector":"MWrquLgnQID+wbjJim1Iew","action":"Commit Request", "result":"", "context":Item count: 1
Contributing types: Sessions}
{"logTime": "1025/092317", "correlationVector":"MWrquLgnQID+wbjJim1Iew.1","action":"SyncServerConnectionManagerRequest", "result":"SYNC_SERVER_OK", "context":{"environment":"Prod_southindia_prod-s01-004-apac-southindia", "migrationStage":"NotStarted", "server":"akswtt02100001t"}}
{"logTime": "1025/092317", "correlationVector":"MWrquLgnQID+wbjJim1Iew.2","action":"Commit Response", "result":"Success", "context":Result: Success. cV=MWrquLgnQID+wbjJim1Iew.0;server=akswtt02100001t;cloudType=Consumer;environment=Prod_southindia_prod-s01-004-apac-southindia;migrationStage=NotStarted}
{"logTime": "1025/092441", "correlationVector":"EHc2oSgXZBBnvkEQqpYEW4","action":"Commit Request", "result":"", "context":Item count: 8
Contributing types: Sessions, History}
{"logTime": "1025/092442", "correlationVector":"EHc2oSgXZBBnvkEQqpYEW4.1","action":"SyncServerConnectionManagerRequest", "result":"SYNC_SERVER_OK", "context":{"environment":"Prod_southindia_prod-s01-004-apac-southindia", "migrationStage":"NotStarted", "server":"akswtt02100000j"}}
{"logTime": "1025/092442", "correlationVector":"EHc2oSgXZBBnvkEQqpYEW4.2","action":"Commit Response", "result":"Success", "context":Result: Success. cV=EHc2oSgXZBBnvkEQqpYEW4.0;server=akswtt02100000j;cloudType=Consumer;environment=Prod_southindia_prod-s01-004-apac-southindia;migrationStage=NotStarted}
{"logTime": "1025/092552", "correlationVector":"X2GXJ9JS/kzsAbcKt94lAY","action":"Commit Request", "result":"", "context":Item count: 6
Contributing types: Sessions, History}
{"logTime": "1025/092553", "correlationVector":"X2GXJ9JS/kzsAbcKt94lAY.1","action":"SyncServerConnectionManagerRequest", "result":"SYNC_SERVER_OK", "context":{"environment":"Prod_southindia_prod-s01-004-apac-southindia", "migrationStage":"NotStarted", "server":"akswtt02100000t"}}
{"logTime": "1025/092553", "correlationVector":"X2GXJ9JS/kzsAbcKt94lAY.2","action":"Commit Response", "result":"Success", "context":Result: Success. cV=X2GXJ9JS/kzsAbcKt94lAY.0;server=akswtt02100000t;cloudType=Consumer;environment=Prod_southindia_prod-s01-004-apac-southindia;migrationStage=NotStarted}
{"logTime": "1025/092956", "correlationVector":"izSf60FGG8B4qymqQQ2MvY","action":"Commit Request", "result":"", "context":Item count: 8
Contributing types: Sessions, History}
{"logTime": "1025/092957", "correlationVector":"izSf60FGG8B4qymqQQ2MvY.1","action":"SyncServerConnectionManagerRequest", "result":"SYNC_SERVER_OK", "context":{"environment":"Prod_southindia_prod-s01-004-apac-southindia", "migrationStage":"NotStarted", "server":"akswtt02100000x"}}
{"logTime": "1025/092957", "correlationVector":"izSf60FGG8B4qymqQQ2MvY.2","action":"Commit Response", "result":"Success", "context":Result: Success. cV=izSf60FGG8B4qymqQQ2MvY.0;server=akswtt02100000x;cloudType=Consumer;environment=Prod_southindia_prod-s01-004-apac-southindia;migrationStage=NotStarted}
{"logTime": "1025/093257", "correlationVector":"63VYhT4IdOEzkYvIN6/h7w","action":"Commit Request", "result":"", "context":Item count: 4
Contributing types: Sessions, History}
{"logTime": "1025/093258", "correlationVector":"63VYhT4IdOEzkYvIN6/h7w.1","action":"SyncServerConnectionManagerRequest", "result":"SYNC_SERVER_OK", "context":{"environment":"Prod_southindia_prod-s01-004-apac-southindia", "migrationStage":"NotStarted", "server":"akswtt02100001l"}}
{"logTime": "1025/093258", "correlationVector":"63VYhT4IdOEzkYvIN6/h7w.2","action":"Commit Response", "result":"Success", "context":Result: Success. cV=63VYhT4IdOEzkYvIN6/h7w.0;server=akswtt02100001l;cloudType=Consumer;environment=Prod_southindia_prod-s01-004-apac-southindia;migrationStage=NotStarted}
{"logTime": "1025/093507", "correlationVector":"aPwBW/t+24T+/ylc4BwxzF","action":"Commit Request", "result":"", "context":Item count: 9
Contributing types: Sessions, History}
{"logTime": "1025/093508", "correlationVector":"aPwBW/t+24T+/ylc4BwxzF.1","action":"SyncServerConnectionManagerRequest", "result":"SYNC_SERVER_OK", "context":{"environment":"Prod_southindia_prod-s01-004-apac-southindia", "migrationStage":"NotStarted", "server":"akswtt02100001l"}}
{"logTime": "1025/093508", "correlationVector":"aPwBW/t+24T+/ylc4BwxzF.2","action":"Commit Response", "result":"Success", "context":Result: Success. cV=aPwBW/t+24T+/ylc4BwxzF.0;server=akswtt02100001l;cloudType=Consumer;environment=Prod_southindia_prod-s01-004-apac-southindia;migrationStage=NotStarted}
{"logTime": "1025/093623", "correlationVector":"4rt+n7bsRWY38lJb7qMVAm","action":"Commit Request", "result":"", "context":Item count: 5
Contributing types: Sessions, History}
{"logTime": "1025/093624", "correlationVector":"4rt+n7bsRWY38lJb7qMVAm.1","action":"SyncServerConnectionManagerRequest", "result":"SYNC_SERVER_OK", "context":{"environment":"Prod_southindia_prod-s01-004-apac-southindia", "migrationStage":"NotStarted", "server":"akswtt021000022"}}
{"logTime": "1025/093624", "correlationVector":"4rt+n7bsRWY38lJb7qMVAm.2","action":"Commit Response", "result":"Success", "context":Result: Success. cV=4rt+n7bsRWY38lJb7qMVAm.0;server=akswtt021000022;cloudType=Consumer;environment=Prod_southindia_prod-s01-004-apac-southindia;migrationStage=NotStarted}
{"logTime": "1025/093907", "correlationVector":"R/dD461joA7TLOcdZQciV+","action":"Commit Request", "result":"", "context":Item count: 7
Contributing types: Sessions, History}
{"logTime": "1025/093908", "correlationVector":"R/dD461joA7TLOcdZQciV+.1","action":"SyncServerConnectionManagerRequest", "result":"SYNC_SERVER_OK", "context":{"environment":"Prod_southindia_prod-s01-004-apac-southindia", "migrationStage":"NotStarted", "server":"akswtt02100000g"}}
{"logTime": "1025/093908", "correlationVector":"R/dD461joA7TLOcdZQciV+.2","action":"Commit Response", "result":"Success", "context":Result: Success. cV=R/dD461joA7TLOcdZQciV+.0;server=akswtt02100000g;cloudType=Consumer;environment=Prod_southindia_prod-s01-004-apac-southindia;migrationStage=NotStarted}
{"logTime": "1025/094116", "correlationVector":"uWhjY4t+NsgX57VyD8ug7Y","action":"Commit Request", "result":"", "context":Item count: 6
Contributing types: Sessions, History}
{"logTime": "1025/094117", "correlationVector":"uWhjY4t+NsgX57VyD8ug7Y.1","action":"SyncServerConnectionManagerRequest", "result":"SYNC_SERVER_OK", "context":{"environment":"Prod_southindia_prod-s01-004-apac-southindia", "migrationStage":"NotStarted", "server":"akswtt02100001n"}}
{"logTime": "1025/094117", "correlationVector":"uWhjY4t+NsgX57VyD8ug7Y.2","action":"Commit Response", "result":"Success", "context":Result: Success. cV=uWhjY4t+NsgX57VyD8ug7Y.0;server=akswtt02100001n;cloudType=Consumer;environment=Prod_southindia_prod-s01-004-apac-southindia;migrationStage=NotStarted}
{"logTime": "1025/095438", "correlationVector":"O2NwZ/ZhaeKsuGy1C9oPdN","action":"Commit Request", "result":"", "context":Item count: 1
Contributing types: Sessions}
{"logTime": "1025/095438", "correlationVector":"O2NwZ/ZhaeKsuGy1C9oPdN.1","action":"SyncServerConnectionManagerRequest", "result":"SYNC_SERVER_OK", "context":{"environment":"Prod_southindia_prod-s01-004-apac-southindia", "migrationStage":"NotStarted", "server":"akswtt02100000m"}}
{"logTime": "1025/095438", "correlationVector":"O2NwZ/ZhaeKsuGy1C9oPdN.2","action":"Commit Response", "result":"Success", "context":Result: Success. cV=O2NwZ/ZhaeKsuGy1C9oPdN.0;server=akswtt02100000m;cloudType=Consumer;environment=Prod_southindia_prod-s01-004-apac-southindia;migrationStage=NotStarted}
{"logTime": "1025/101415", "correlationVector":"oLAtPRSRUHM5WfoPCTZB3K","action":"Commit Request", "result":"", "context":Item count: 7
Contributing types: Sessions, History}
{"logTime": "1025/101415", "correlationVector":"oLAtPRSRUHM5WfoPCTZB3K.1","action":"SyncServerConnectionManagerRequest", "result":"SYNC_SERVER_OK", "context":{"environment":"Prod_southindia_prod-s01-004-apac-southindia", "migrationStage":"NotStarted", "server":"akswtt021000008"}}
{"logTime": "1025/101415", "correlationVector":"oLAtPRSRUHM5WfoPCTZB3K.2","action":"Commit Response", "result":"Success", "context":Result: Success. cV=oLAtPRSRUHM5WfoPCTZB3K.0;server=akswtt021000008;cloudType=Consumer;environment=Prod_southindia_prod-s01-004-apac-southindia;migrationStage=NotStarted}
{"logTime": "1025/103941", "correlationVector":"fGOsAH04OOzgbuR7LirFjv","action":"Commit Request", "result":"", "context":Item count: 6
Contributing types: Sessions, History}
{"logTime": "1025/103942", "correlationVector":"fGOsAH04OOzgbuR7LirFjv.1","action":"SyncServerConnectionManagerRequest", "result":"SYNC_SERVER_OK", "context":{"environment":"Prod_southindia_prod-s01-004-apac-southindia", "migrationStage":"NotStarted", "server":"akswtt02100001w"}}
{"logTime": "1025/103942", "correlationVector":"fGOsAH04OOzgbuR7LirFjv.2","action":"Commit Response", "result":"Success", "context":Result: Success. cV=fGOsAH04OOzgbuR7LirFjv.0;server=akswtt02100001w;cloudType=Consumer;environment=Prod_southindia_prod-s01-004-apac-southindia;migrationStage=NotStarted}
{"logTime": "1025/104109", "correlationVector":"2zKO6W+BPF7GRaGRPddJ3K","action":"Commit Request", "result":"", "context":Item count: 5
Contributing types: Sessions, History}
{"logTime": "1025/104110", "correlationVector":"2zKO6W+BPF7GRaGRPddJ3K.1","action":"SyncServerConnectionManagerRequest", "result":"SYNC_SERVER_OK", "context":{"environment":"Prod_southindia_prod-s01-004-apac-southindia", "migrationStage":"NotStarted", "server":"akswtt02100001f"}}
{"logTime": "1025/104110", "correlationVector":"2zKO6W+BPF7GRaGRPddJ3K.2","action":"Commit Response", "result":"Success", "context":Result: Success. cV=2zKO6W+BPF7GRaGRPddJ3K.0;server=akswtt02100001f;cloudType=Consumer;environment=Prod_southindia_prod-s01-004-apac-southindia;migrationStage=NotStarted}
{"logTime": "1025/104232", "correlationVector":"ugot2FKm94y9yxuX1m3MNq","action":"Commit Request", "result":"", "context":Item count: 9
Contributing types: Sessions, History}
{"logTime": "1025/104233", "correlationVector":"ugot2FKm94y9yxuX1m3MNq.1","action":"SyncServerConnectionManagerRequest", "result":"SYNC_SERVER_OK", "context":{"environment":"Prod_southindia_prod-s01-004-apac-southindia", "migrationStage":"NotStarted", "server":"akswtt021000017"}}
{"logTime": "1025/104233", "correlationVector":"ugot2FKm94y9yxuX1m3MNq.2","action":"Commit Response", "result":"Success", "context":Result: Success. cV=ugot2FKm94y9yxuX1m3MNq.0;server=akswtt021000017;cloudType=Consumer;environment=Prod_southindia_prod-s01-004-apac-southindia;migrationStage=NotStarted}
{"logTime": "1025/105227", "correlationVector":"ZPZVKLl84BtcPuqIfiPm8f","action":"Commit Request", "result":"", "context":Item count: 10
Contributing types: Sessions, History}
{"logTime": "1025/105227", "correlationVector":"ZPZVKLl84BtcPuqIfiPm8f.1","action":"SyncServerConnectionManagerRequest", "result":"SYNC_SERVER_OK", "context":{"environment":"Prod_southindia_prod-s01-004-apac-southindia", "migrationStage":"NotStarted", "server":"akswtt021000023"}}
{"logTime": "1025/105227", "correlationVector":"ZPZVKLl84BtcPuqIfiPm8f.2","action":"Commit Response", "result":"Success", "context":Result: Success. cV=ZPZVKLl84BtcPuqIfiPm8f.0;server=akswtt021000023;cloudType=Consumer;environment=Prod_southindia_prod-s01-004-apac-southindia;migrationStage=NotStarted}
{"logTime": "1025/105339", "correlationVector":"5sibDjHCH6nnbHd80mJM+C","action":"Commit Request", "result":"", "context":Item count: 11
Contributing types: Sessions, History}
{"logTime": "1025/105340", "correlationVector":"5sibDjHCH6nnbHd80mJM+C.1","action":"SyncServerConnectionManagerRequest", "result":"SYNC_SERVER_OK", "context":{"environment":"Prod_southindia_prod-s01-004-apac-southindia", "migrationStage":"NotStarted", "server":"akswtt021000012"}}
{"logTime": "1025/105340", "correlationVector":"5sibDjHCH6nnbHd80mJM+C.2","action":"Commit Response", "result":"Success", "context":Result: Success. cV=5sibDjHCH6nnbHd80mJM+C.0;server=akswtt021000012;cloudType=Consumer;environment=Prod_southindia_prod-s01-004-apac-southindia;migrationStage=NotStarted}
{"logTime": "1025/110320", "correlationVector":"lZtvIBSFsmQlNGiG32yjkK","action":"Commit Request", "result":"", "context":Item count: 1
Contributing types: Sessions}
{"logTime": "1025/110320", "correlationVector":"lZtvIBSFsmQlNGiG32yjkK.1","action":"SyncServerConnectionManagerRequest", "result":"SYNC_SERVER_OK", "context":{"environment":"Prod_southindia_prod-s01-004-apac-southindia", "migrationStage":"NotStarted", "server":"akswtt02100000f"}}
{"logTime": "1025/110320", "correlationVector":"lZtvIBSFsmQlNGiG32yjkK.2","action":"Commit Response", "result":"Success", "context":Result: Success. cV=lZtvIBSFsmQlNGiG32yjkK.0;server=akswtt02100000f;cloudType=Consumer;environment=Prod_southindia_prod-s01-004-apac-southindia;migrationStage=NotStarted}
{"logTime": "1025/110453", "correlationVector":"kjnRTj2QLcV0W2A/BB3IRz","action":"Commit Request", "result":"", "context":Item count: 4
Contributing types: Sessions, History}
{"logTime": "1025/110453", "correlationVector":"kjnRTj2QLcV0W2A/BB3IRz.1","action":"SyncServerConnectionManagerRequest", "result":"SYNC_SERVER_OK", "context":{"environment":"Prod_southindia_prod-s01-004-apac-southindia", "migrationStage":"NotStarted", "server":"akswtt021000011"}}
{"logTime": "1025/110453", "correlationVector":"kjnRTj2QLcV0W2A/BB3IRz.2","action":"Commit Response", "result":"Success", "context":Result: Success. cV=kjnRTj2QLcV0W2A/BB3IRz.0;server=akswtt021000011;cloudType=Consumer;environment=Prod_southindia_prod-s01-004-apac-southindia;migrationStage=NotStarted}
{"logTime": "1025/111735", "correlationVector":"LBrqLWtSwCCvInQd7ej+Wu","action":"Commit Request", "result":"", "context":Item count: 6
Contributing types: Sessions, History}
{"logTime": "1025/111736", "correlationVector":"LBrqLWtSwCCvInQd7ej+Wu.1","action":"SyncServerConnectionManagerRequest", "result":"SYNC_SERVER_OK", "context":{"environment":"Prod_southindia_prod-s01-004-apac-southindia", "migrationStage":"NotStarted", "server":"akswtt02100000h"}}
{"logTime": "1025/111736", "correlationVector":"LBrqLWtSwCCvInQd7ej+Wu.2","action":"Commit Response", "result":"Success", "context":Result: Success. cV=LBrqLWtSwCCvInQd7ej+Wu.0;server=akswtt02100000h;cloudType=Consumer;environment=Prod_southindia_prod-s01-004-apac-southindia;migrationStage=NotStarted}
{"logTime": "1025/111904", "correlationVector":"jK3dZFH1ecGJdH8eV3NI6V","action":"Commit Request", "result":"", "context":Item count: 5
Contributing types: Sessions, History}
{"logTime": "1025/111905", "correlationVector":"jK3dZFH1ecGJdH8eV3NI6V.1","action":"SyncServerConnectionManagerRequest", "result":"SYNC_SERVER_OK", "context":{"environment":"Prod_southindia_prod-s01-004-apac-southindia", "migrationStage":"NotStarted", "server":"akswtt02100001q"}}
{"logTime": "1025/111905", "correlationVector":"jK3dZFH1ecGJdH8eV3NI6V.2","action":"Commit Response", "result":"Success", "context":Result: Success. cV=jK3dZFH1ecGJdH8eV3NI6V.0;server=akswtt02100001q;cloudType=Consumer;environment=Prod_southindia_prod-s01-004-apac-southindia;migrationStage=NotStarted}
{"logTime": "1025/112414", "correlationVector":"Y4t2NOpGIMTHvCqi0KNaTY","action":"Poll GetUpdate request", "result":"", "context":cV=Y4t2NOpGIMTHvCqi0KNaTY}
{"logTime": "1025/112415", "correlationVector":"Y4t2NOpGIMTHvCqi0KNaTY.1","action":"SyncServerConnectionManagerRequest", "result":"SYNC_SERVER_OK", "context":{"environment":"Prod_southindia_prod-s01-004-apac-southindia", "migrationStage":"NotStarted", "server":"akswtt02100000e"}}
{"logTime": "1025/112415", "correlationVector":"Y4t2NOpGIMTHvCqi0KNaTY.2","action":"ProcessGetUpdates", "result":"Done", "context":{"dataType":"Preferences", "deleted":"0", "process_failed_to_decrypt":"0", "process_pending_decryption":"0", "process_success":"1", "total":"1"}}
{"logTime": "1025/112415", "correlationVector":"Y4t2NOpGIMTHvCqi0KNaTY.3","action":"ProcessGetUpdates", "result":"Done", "context":{"dataType":"Passwords", "deleted":"0", "process_failed_to_decrypt":"0", "process_pending_decryption":"0", "process_success":"3", "total":"3"}}
{"logTime": "1025/112415", "correlationVector":"Y4t2NOpGIMTHvCqi0KNaTY.4","action":"ProcessGetUpdates", "result":"Done", "context":{"dataType":"Sessions", "deleted":"0", "process_failed_to_decrypt":"0", "process_pending_decryption":"0", "process_success":"2", "total":"2"}}
{"logTime": "1025/112415", "correlationVector":"Y4t2NOpGIMTHvCqi0KNaTY.5","action":"ProcessGetUpdates", "result":"Done", "context":{"dataType":"Device Info", "deleted":"0", "process_failed_to_decrypt":"0", "process_pending_decryption":"0", "process_success":"1", "total":"1"}}
{"logTime": "1025/112415", "correlationVector":"Y4t2NOpGIMTHvCqi0KNaTY.6","action":"ProcessGetUpdates", "result":"Done", "context":{"dataType":"History", "deleted":"0", "process_failed_to_decrypt":"0", "process_pending_decryption":"0", "process_success":"100", "total":"100"}}
{"logTime": "1025/112415", "correlationVector":"Y4t2NOpGIMTHvCqi0KNaTY.7","action":"GetUpdates Response", "result":"Success", "context":Received 107 update(s). cV=Y4t2NOpGIMTHvCqi0KNaTY.0;server=akswtt02100000e;cloudType=Consumer;environment=Prod_southindia_prod-s01-004-apac-southindia;migrationStage=NotStarted}
{"logTime": "1025/112629", "correlationVector":"qQA+agObiX1Tuus26+AYot","action":"Commit Request", "result":"", "context":Item count: 4
Contributing types: Sessions, History}
{"logTime": "1025/112631", "correlationVector":"qQA+agObiX1Tuus26+AYot.1","action":"SyncServerConnectionManagerRequest", "result":"SYNC_SERVER_OK", "context":{"environment":"Prod_southindia_prod-s01-004-apac-southindia", "migrationStage":"NotStarted", "server":"akswtt021000002"}}
{"logTime": "1025/112631", "correlationVector":"qQA+agObiX1Tuus26+AYot.2","action":"Commit Response", "result":"Success", "context":Result: Success. cV=qQA+agObiX1Tuus26+AYot.0;server=akswtt021000002;cloudType=Consumer;environment=Prod_southindia_prod-s01-004-apac-southindia;migrationStage=NotStarted}
{"logTime": "1025/113715", "correlationVector":"Ie7gP4ejIwfFCgQtMKEwzs","action":"Commit Request", "result":"", "context":Item count: 1
Contributing types: Sessions}
{"logTime": "1025/113715", "correlationVector":"Ie7gP4ejIwfFCgQtMKEwzs.1","action":"SyncServerConnectionManagerRequest", "result":"SYNC_AUTH_ERROR", "context":{"environment":"Prod_southindia_prod-s01-004-apac-southindia", "migrationStage":"NotStarted", "server":"akswtt02100001j"}}
{"logTime": "1025/113715", "correlationVector":"Ie7gP4ejIwfFCgQtMKEwzs.2","action":"Commit Response", "result":"HTTP error (401)", "context":Result: HTTP error (401). cV=Ie7gP4ejIwfFCgQtMKEwzs.0;server=akswtt02100001j;cloudType=Undetermined;environment=Prod_southindia_prod-s01-004-apac-southindia;migrationStage=NotStarted}
{"logTime": "1025/113716", "correlationVector":"cOGHdyr+rL6u7ZWCDTPbid","action":"Commit Request", "result":"", "context":Item count: 1
Contributing types: Sessions}
{"logTime": "1025/113716", "correlationVector":"cOGHdyr+rL6u7ZWCDTPbid.1","action":"SyncServerConnectionManagerRequest", "result":"SYNC_SERVER_OK", "context":{"environment":"Prod_southindia_prod-s01-004-apac-southindia", "migrationStage":"NotStarted", "server":"akswtt02100001f"}}
{"logTime": "1025/113716", "correlationVector":"cOGHdyr+rL6u7ZWCDTPbid.2","action":"Commit Response", "result":"Success", "context":Result: Success. cV=cOGHdyr+rL6u7ZWCDTPbid.0;server=akswtt02100001f;cloudType=Consumer;environment=Prod_southindia_prod-s01-004-apac-southindia;migrationStage=NotStarted}
{"logTime": "1025/114741", "correlationVector":"L64HAOtOT6xG3TKsVMPBq+","action":"Commit Request", "result":"", "context":Item count: 1
Contributing types: Sessions}
{"logTime": "1025/114741", "correlationVector":"L64HAOtOT6xG3TKsVMPBq+.1","action":"SyncServerConnectionManagerRequest", "result":"SYNC_SERVER_OK", "context":{"environment":"Prod_southindia_prod-s01-004-apac-southindia", "migrationStage":"NotStarted", "server":"akswtt021000002"}}
{"logTime": "1025/114741", "correlationVector":"L64HAOtOT6xG3TKsVMPBq+.2","action":"Commit Response", "result":"Success", "context":Result: Success. cV=L64HAOtOT6xG3TKsVMPBq+.0;server=akswtt021000002;cloudType=Consumer;environment=Prod_southindia_prod-s01-004-apac-southindia;migrationStage=NotStarted}
{"logTime": "1025/115906", "correlationVector":"olVx/uq/1Av7ZKpQ9bS0/O","action":"Commit Request", "result":"", "context":Item count: 4
Contributing types: Sessions, History}
{"logTime": "1025/115907", "correlationVector":"olVx/uq/1Av7ZKpQ9bS0/O.1","action":"SyncServerConnectionManagerRequest", "result":"SYNC_SERVER_OK", "context":{"environment":"Prod_southindia_prod-s01-004-apac-southindia", "migrationStage":"NotStarted", "server":"akswtt021000014"}}
{"logTime": "1025/115907", "correlationVector":"olVx/uq/1Av7ZKpQ9bS0/O.2","action":"Commit Response", "result":"Success", "context":Result: Success. cV=olVx/uq/1Av7ZKpQ9bS0/O.0;server=akswtt021000014;cloudType=Consumer;environment=Prod_southindia_prod-s01-004-apac-southindia;migrationStage=NotStarted}
{"logTime": "1025/120050", "correlationVector":"Qh43DXji80FNen+HDu7QJB","action":"Commit Request", "result":"", "context":Item count: 10
Contributing types: Sessions, History}
{"logTime": "1025/120051", "correlationVector":"Qh43DXji80FNen+HDu7QJB.1","action":"SyncServerConnectionManagerRequest", "result":"SYNC_SERVER_OK", "context":{"environment":"Prod_southindia_prod-s01-004-apac-southindia", "migrationStage":"NotStarted", "server":"akswtt02100001d"}}
{"logTime": "1025/120051", "correlationVector":"Qh43DXji80FNen+HDu7QJB.2","action":"Commit Response", "result":"Success", "context":Result: Success. cV=Qh43DXji80FNen+HDu7QJB.0;server=akswtt02100001d;cloudType=Consumer;environment=Prod_southindia_prod-s01-004-apac-southindia;migrationStage=NotStarted}
{"logTime": "1025/120152", "correlationVector":"kjUkEds5Og7J1JFMlSBNH1","action":"Commit Request", "result":"", "context":Item count: 4
Contributing types: Sessions, History}
{"logTime": "1025/120153", "correlationVector":"kjUkEds5Og7J1JFMlSBNH1.1","action":"SyncServerConnectionManagerRequest", "result":"SYNC_SERVER_OK", "context":{"environment":"Prod_southindia_prod-s01-004-apac-southindia", "migrationStage":"NotStarted", "server":"akswtt02100001y"}}
{"logTime": "1025/120153", "correlationVector":"kjUkEds5Og7J1JFMlSBNH1.2","action":"Commit Response", "result":"Success", "context":Result: Success. cV=kjUkEds5Og7J1JFMlSBNH1.0;server=akswtt02100001y;cloudType=Consumer;environment=Prod_southindia_prod-s01-004-apac-southindia;migrationStage=NotStarted}
{"logTime": "1025/122259", "correlationVector":"AMDBO8xSfctmQzK1Hbq2bW","action":"Commit Request", "result":"", "context":Item count: 4
Contributing types: Sessions, History}
{"logTime": "1025/122300", "correlationVector":"AMDBO8xSfctmQzK1Hbq2bW.1","action":"SyncServerConnectionManagerRequest", "result":"SYNC_SERVER_OK", "context":{"environment":"Prod_southindia_prod-s01-004-apac-southindia", "migrationStage":"NotStarted", "server":"akswtt02100000a"}}
{"logTime": "1025/122300", "correlationVector":"AMDBO8xSfctmQzK1Hbq2bW.2","action":"Commit Response", "result":"Success", "context":Result: Success. cV=AMDBO8xSfctmQzK1Hbq2bW.0;server=akswtt02100000a;cloudType=Consumer;environment=Prod_southindia_prod-s01-004-apac-southindia;migrationStage=NotStarted}
{"logTime": "1025/122400", "correlationVector":"ME0tUk75aWhEmspdFXqGjW","action":"Commit Request", "result":"", "context":Item count: 2
Contributing types: Sessions}
{"logTime": "1025/122401", "correlationVector":"ME0tUk75aWhEmspdFXqGjW.1","action":"SyncServerConnectionManagerRequest", "result":"SYNC_SERVER_OK", "context":{"environment":"Prod_southindia_prod-s01-004-apac-southindia", "migrationStage":"NotStarted", "server":"akswtt02100000i"}}
{"logTime": "1025/122401", "correlationVector":"ME0tUk75aWhEmspdFXqGjW.3","action":"Commit.Sessions", "result":"Success", "context":{"id":"86e8b0a8-5bc3-4f12-837f-af81fa422c3c", "isDeleted":"true", "size":"0", "version":"1760184223802"}}
{"logTime": "1025/122401", "correlationVector":"ME0tUk75aWhEmspdFXqGjW.2","action":"Commit Response", "result":"Success", "context":Result: Success. cV=ME0tUk75aWhEmspdFXqGjW.0;server=akswtt02100000i;cloudType=Consumer;environment=Prod_southindia_prod-s01-004-apac-southindia;migrationStage=NotStarted}
{"logTime": "1025/122401", "correlationVector":"ME0tUk75aWhEmspdFXqGjW.4","action":"Commit.Sessions", "result":"Success", "context":{"id":"b28f92ce-d70a-499d-82cb-1e5b808a2120", "isDeleted":"true", "size":"0", "version":"1760184284632"}}
{"logTime": "1025/122722", "correlationVector":"7k4L7jnjcpgl8kICZD5Cce","action":"Commit Request", "result":"", "context":Item count: 8
Contributing types: Sessions, History}
{"logTime": "1025/122722", "correlationVector":"7k4L7jnjcpgl8kICZD5Cce.1","action":"SyncServerConnectionManagerRequest", "result":"SYNC_SERVER_OK", "context":{"environment":"Prod_southindia_prod-s01-004-apac-southindia", "migrationStage":"NotStarted", "server":"akswtt02100000h"}}
{"logTime": "1025/122722", "correlationVector":"7k4L7jnjcpgl8kICZD5Cce.2","action":"Commit Response", "result":"Success", "context":Result: Success. cV=7k4L7jnjcpgl8kICZD5Cce.0;server=akswtt02100000h;cloudType=Consumer;environment=Prod_southindia_prod-s01-004-apac-southindia;migrationStage=NotStarted}
{"logTime": "1025/122900", "correlationVector":"KPy9Yghrk26xdbAZNHaeED","action":"Commit Request", "result":"", "context":Item count: 6
Contributing types: Sessions, History}
{"logTime": "1025/122901", "correlationVector":"KPy9Yghrk26xdbAZNHaeED.1","action":"SyncServerConnectionManagerRequest", "result":"SYNC_SERVER_OK", "context":{"environment":"Prod_southindia_prod-s01-004-apac-southindia", "migrationStage":"NotStarted", "server":"akswtt02100001t"}}
{"logTime": "1025/122901", "correlationVector":"KPy9Yghrk26xdbAZNHaeED.2","action":"Commit Response", "result":"Success", "context":Result: Success. cV=KPy9Yghrk26xdbAZNHaeED.0;server=akswtt02100001t;cloudType=Consumer;environment=Prod_southindia_prod-s01-004-apac-southindia;migrationStage=NotStarted}
{"logTime": "1025/123046", "correlationVector":"UoQHPOCQUsHN3XlX2eMg2U","action":"Commit Request", "result":"", "context":Item count: 3
Contributing types: Sessions, History}
{"logTime": "1025/123046", "correlationVector":"UoQHPOCQUsHN3XlX2eMg2U.1","action":"SyncServerConnectionManagerRequest", "result":"SYNC_SERVER_OK", "context":{"environment":"Prod_southindia_prod-s01-004-apac-southindia", "migrationStage":"NotStarted", "server":"akswtt02100000d"}}
{"logTime": "1025/123046", "correlationVector":"UoQHPOCQUsHN3XlX2eMg2U.2","action":"Commit Response", "result":"Success", "context":Result: Success. cV=UoQHPOCQUsHN3XlX2eMg2U.0;server=akswtt02100000d;cloudType=Consumer;environment=Prod_southindia_prod-s01-004-apac-southindia;migrationStage=NotStarted}
{"logTime": "1025/123222", "correlationVector":"LDW94ybmlpJHw8a2+WREyA","action":"Commit Request", "result":"", "context":Item count: 6
Contributing types: Sessions, History}
{"logTime": "1025/123223", "correlationVector":"LDW94ybmlpJHw8a2+WREyA.1","action":"SyncServerConnectionManagerRequest", "result":"SYNC_SERVER_OK", "context":{"environment":"Prod_southindia_prod-s01-004-apac-southindia", "migrationStage":"NotStarted", "server":"akswtt021000003"}}
{"logTime": "1025/123223", "correlationVector":"LDW94ybmlpJHw8a2+WREyA.2","action":"Commit Response", "result":"Success", "context":Result: Success. cV=LDW94ybmlpJHw8a2+WREyA.0;server=akswtt021000003;cloudType=Consumer;environment=Prod_southindia_prod-s01-004-apac-southindia;migrationStage=NotStarted}
{"logTime": "1025/123329", "correlationVector":"52LlpcNk3FYveFKny3BvCo","action":"Commit Request", "result":"", "context":Item count: 14
Contributing types: Sessions, History}
{"logTime": "1025/123330", "correlationVector":"52LlpcNk3FYveFKny3BvCo.1","action":"SyncServerConnectionManagerRequest", "result":"SYNC_SERVER_OK", "context":{"environment":"Prod_southindia_prod-s01-004-apac-southindia", "migrationStage":"NotStarted", "server":"akswtt02100000h"}}
{"logTime": "1025/123330", "correlationVector":"52LlpcNk3FYveFKny3BvCo.2","action":"Commit Response", "result":"Success", "context":Result: Success. cV=52LlpcNk3FYveFKny3BvCo.0;server=akswtt02100000h;cloudType=Consumer;environment=Prod_southindia_prod-s01-004-apac-southindia;migrationStage=NotStarted}
{"logTime": "1025/123432", "correlationVector":"shGnFdUt0sN4snSqBqGhRc","action":"Commit Request", "result":"", "context":Item count: 10
Contributing types: Sessions, History}
{"logTime": "1025/123434", "correlationVector":"shGnFdUt0sN4snSqBqGhRc.1","action":"SyncServerConnectionManagerRequest", "result":"SYNC_SERVER_OK", "context":{"environment":"Prod_southindia_prod-s01-004-apac-southindia", "migrationStage":"NotStarted", "server":"akswtt02100001a"}}
{"logTime": "1025/123434", "correlationVector":"shGnFdUt0sN4snSqBqGhRc.2","action":"Commit Response", "result":"Success", "context":Result: Success. cV=shGnFdUt0sN4snSqBqGhRc.0;server=akswtt02100001a;cloudType=Consumer;environment=Prod_southindia_prod-s01-004-apac-southindia;migrationStage=NotStarted}
{"logTime": "1027/044204", "correlationVector":"qU9B3LsA39GPB7dDdC8Kc9.1","action":"SyncServerConnectionManagerRequest", "result":"SYNC_SERVER_OK", "context":{"environment":"Prod_southindia_prod-s01-004-apac-southindia", "migrationStage":"NotStarted", "server":"akswtt02100000y"}}
{"logTime": "1027/044204", "correlationVector":"qU9B3LsA39GPB7dDdC8Kc9.2","action":"ProcessGetUpdates", "result":"Done", "context":{"dataType":"Encryption Keys", "deleted":"0", "process_failed_to_decrypt":"0", "process_pending_decryption":"0", "process_success":"1", "total":"1"}}
{"logTime": "1027/044205", "correlationVector":"cgIMpShhidBZDiG20H4Wc8","action":"SyncServerConnectionManagerRequest", "result":"SYNC_SERVER_OK", "context":{"environment":"", "migrationStage":"", "server":""}}
{"logTime": "1027/044205", "correlationVector":"cgIMpShhidBZDiG20H4Wc8.0","action":"EncryptionKeysFetcher.DownloadKeys:", "result":"Success", "context":Key count: 2, Last key timestamp: 2025-05-27T03:13:32Z}
{"logTime": "1027/044205", "correlationVector":"cgIMpShhidBZDiG20H4Wc8.1","action":"EncryptionKeysManager::SetEncryptionKeys:", "result":"Success", "context":Key names[2]:[O9Z70Y22bTNY1l2lLqyo16NKsMhbgxaUlf5Q8Hr3Lj9NbJJegu34QB0HpnbzdVDBCslUSnTmGd4gT8ZsfyN19g==][++muJo9tz8nUhunkooBFJgWzNqElz80bGyCsaPVpfShkwO4ztoEfTV8joYDWvDcp2pUTgTOxzOwXudJjSeIa6A==]}
{"logTime": "1027/044205", "correlationVector":"cgIMpShhidBZDiG20H4Wc8.2","action":"EncryptionKeysManager::SetEncryptionKeysWithTimestamps:", "result":"Success", "context":Key timestamps[2]:[2024-10-24T12:04:30Z][2025-05-27T03:13:32Z]}
{"logTime": "1027/044205", "correlationVector":"qU9B3LsA39GPB7dDdC8Kc9","action":"Initial GetUpdates", "result":"", "context":Reason: NEW_CLIENT. cV=qU9B3LsA39GPB7dDdC8Kc9}
{"logTime": "1027/044205", "correlationVector":"qU9B3LsA39GPB7dDdC8Kc9.3","action":"GetUpdates Response", "result":"Success", "context":Received 1 update(s). cV=qU9B3LsA39GPB7dDdC8Kc9.0;server=akswtt02100000y;cloudType=Consumer;environment=Prod_southindia_prod-s01-004-apac-southindia;migrationStage=NotStarted}
{"logTime": "1027/044205", "correlationVector":"cQgTbIathXYKX+n7Nb818w","action":"Initial GetUpdates", "result":"", "context":Reason: NEWLY_SUPPORTED_DATATYPE. cV=cQgTbIathXYKX+n7Nb818w}
{"logTime": "1027/044205", "correlationVector":"cQgTbIathXYKX+n7Nb818w.1","action":"SyncServerConnectionManagerRequest", "result":"SYNC_SERVER_OK", "context":{"environment":"Prod_southindia_prod-s01-004-apac-southindia", "migrationStage":"NotStarted", "server":"akswtt02100001e"}}
{"logTime": "1027/044205", "correlationVector":"cQgTbIathXYKX+n7Nb818w.2","action":"ProcessGetUpdates", "result":"Done", "context":{"dataType":"Passwords", "deleted":"18", "process_failed_to_decrypt":"0", "process_pending_decryption":"0", "process_success":"33", "total":"33"}}
{"logTime": "1027/044205", "correlationVector":"cQgTbIathXYKX+n7Nb818w.3","action":"GetUpdates Response", "result":"Success", "context":Received 33 update(s). cV=cQgTbIathXYKX+n7Nb818w.0;server=akswtt02100001e;cloudType=Consumer;environment=Prod_southindia_prod-s01-004-apac-southindia;migrationStage=NotStarted}
{"logTime": "1027/044205", "correlationVector":"o+dHDe7+tyVVnRUmKbf9Ju","action":"Normal GetUpdate request", "result":"", "context":cV=o+dHDe7+tyVVnRUmKbf9Ju
Nudged types: History
Refresh requested types: Bookmarks, Passwords, Autofill Profiles, Autofill, History, Edge Wallet, Encryption Keys}
{"logTime": "1027/044206", "correlationVector":"o+dHDe7+tyVVnRUmKbf9Ju.1","action":"SyncServerConnectionManagerRequest", "result":"SYNC_SERVER_OK", "context":{"environment":"Prod_southindia_prod-s01-004-apac-southindia", "migrationStage":"NotStarted", "server":"akswtt02100001r"}}
{"logTime": "1027/044206", "correlationVector":"o+dHDe7+tyVVnRUmKbf9Ju.2","action":"ProcessGetUpdates", "result":"Done", "context":{"dataType":"History", "deleted":"0", "process_failed_to_decrypt":"0", "process_pending_decryption":"0", "process_success":"44", "total":"44"}}
{"logTime": "1027/044206", "correlationVector":"o+dHDe7+tyVVnRUmKbf9Ju.3","action":"GetUpdates Response", "result":"Success", "context":Received 44 update(s). cV=o+dHDe7+tyVVnRUmKbf9Ju.0;server=akswtt02100001r;cloudType=Consumer;environment=Prod_southindia_prod-s01-004-apac-southindia;migrationStage=NotStarted}
{"logTime": "1027/044206", "correlationVector":"uHa/C/lmpe+YXRrJQzgJPo","action":"Poll GetUpdate request", "result":"", "context":cV=uHa/C/lmpe+YXRrJQzgJPo}
{"logTime": "1027/044206", "correlationVector":"uHa/C/lmpe+YXRrJQzgJPo.1","action":"SyncServerConnectionManagerRequest", "result":"SYNC_SERVER_OK", "context":{"environment":"Prod_southindia_prod-s01-004-apac-southindia", "migrationStage":"NotStarted", "server":"akswtt02100000x"}}
{"logTime": "1027/044206", "correlationVector":"uHa/C/lmpe+YXRrJQzgJPo.2","action":"GetUpdates Response", "result":"Success", "context":Received 0 update(s). cV=uHa/C/lmpe+YXRrJQzgJPo.0;server=akswtt02100000x;cloudType=Consumer;environment=Prod_southindia_prod-s01-004-apac-southindia;migrationStage=NotStarted}
{"logTime": "1027/044207", "correlationVector":"CiivJjSe2rkscSMnKkG/RB","action":"Commit Request", "result":"", "context":Item count: 3
Contributing types: Passwords}
{"logTime": "1027/044212", "correlationVector":"CiivJjSe2rkscSMnKkG/RB.1","action":"SyncServerConnectionManagerRequest", "result":"SYNC_SERVER_OK", "context":{"environment":"Prod_southindia_prod-s01-004-apac-southindia", "migrationStage":"NotStarted", "server":"akswtt021000016"}}
{"logTime": "1027/044212", "correlationVector":"CiivJjSe2rkscSMnKkG/RB.2","action":"Commit Response", "result":"Success", "context":Result: Success. cV=CiivJjSe2rkscSMnKkG/RB.0;server=akswtt021000016;cloudType=Consumer;environment=Prod_southindia_prod-s01-004-apac-southindia;migrationStage=NotStarted}
{"logTime": "1027/044321", "correlationVector":"wa23OeKU6jtfzyMaHbScfP","action":"Commit Request", "result":"", "context":Item count: 1
Contributing types: History}
{"logTime": "1027/044322", "correlationVector":"wa23OeKU6jtfzyMaHbScfP.1","action":"SyncServerConnectionManagerRequest", "result":"SYNC_SERVER_OK", "context":{"environment":"Prod_southindia_prod-s01-004-apac-southindia", "migrationStage":"NotStarted", "server":"akswtt021000001"}}
{"logTime": "1027/044322", "correlationVector":"wa23OeKU6jtfzyMaHbScfP.2","action":"Commit Response", "result":"Success", "context":Result: Success. cV=wa23OeKU6jtfzyMaHbScfP.0;server=akswtt021000001;cloudType=Consumer;environment=Prod_southindia_prod-s01-004-apac-southindia;migrationStage=NotStarted}
{"logTime": "1027/044427", "correlationVector":"E2ZcPgPV71U86zSRQkwJv9","action":"Commit Request", "result":"", "context":Item count: 7
Contributing types: History}
{"logTime": "1027/044427", "correlationVector":"E2ZcPgPV71U86zSRQkwJv9.1","action":"SyncServerConnectionManagerRequest", "result":"SYNC_SERVER_OK", "context":{"environment":"Prod_southindia_prod-s01-004-apac-southindia", "migrationStage":"NotStarted", "server":"akswtt02100000s"}}
{"logTime": "1027/044427", "correlationVector":"E2ZcPgPV71U86zSRQkwJv9.2","action":"Commit Response", "result":"Success", "context":Result: Success. cV=E2ZcPgPV71U86zSRQkwJv9.0;server=akswtt02100000s;cloudType=Consumer;environment=Prod_southindia_prod-s01-004-apac-southindia;migrationStage=NotStarted}
{"logTime": "1027/044553", "correlationVector":"Ltat4qUM1tkX4KHOzaJUWh","action":"Commit Request", "result":"", "context":Item count: 8
Contributing types: History}
{"logTime": "1027/044554", "correlationVector":"Ltat4qUM1tkX4KHOzaJUWh.1","action":"SyncServerConnectionManagerRequest", "result":"SYNC_SERVER_OK", "context":{"environment":"Prod_southindia_prod-s01-004-apac-southindia", "migrationStage":"NotStarted", "server":"akswtt02100000d"}}
{"logTime": "1027/044554", "correlationVector":"Ltat4qUM1tkX4KHOzaJUWh.2","action":"Commit Response", "result":"Success", "context":Result: Success. cV=Ltat4qUM1tkX4KHOzaJUWh.0;server=akswtt02100000d;cloudType=Consumer;environment=Prod_southindia_prod-s01-004-apac-southindia;migrationStage=NotStarted}
{"logTime": "1029/145848", "correlationVector":"h8fO/8U/ge17hbPVLhg1J7.1","action":"SyncServerConnectionManagerRequest", "result":"SYNC_SERVER_OK", "context":{"environment":"Prod_southindia_prod-s01-004-apac-southindia", "migrationStage":"NotStarted", "server":"akswtt02100001g"}}
{"logTime": "1029/145848", "correlationVector":"h8fO/8U/ge17hbPVLhg1J7.2","action":"ProcessGetUpdates", "result":"Done", "context":{"dataType":"Encryption Keys", "deleted":"0", "process_failed_to_decrypt":"0", "process_pending_decryption":"0", "process_success":"1", "total":"1"}}
{"logTime": "1029/145849", "correlationVector":"CcIxeFT4zpWpwmSwbdB50b","action":"SyncServerConnectionManagerRequest", "result":"SYNC_SERVER_OK", "context":{"environment":"", "migrationStage":"", "server":""}}
{"logTime": "1029/145849", "correlationVector":"CcIxeFT4zpWpwmSwbdB50b.0","action":"EncryptionKeysFetcher.DownloadKeys:", "result":"Success", "context":Key count: 2, Last key timestamp: 2025-05-27T03:13:32Z}
{"logTime": "1029/145849", "correlationVector":"CcIxeFT4zpWpwmSwbdB50b.1","action":"EncryptionKeysManager::SetEncryptionKeys:", "result":"Success", "context":Key names[2]:[O9Z70Y22bTNY1l2lLqyo16NKsMhbgxaUlf5Q8Hr3Lj9NbJJegu34QB0HpnbzdVDBCslUSnTmGd4gT8ZsfyN19g==][++muJo9tz8nUhunkooBFJgWzNqElz80bGyCsaPVpfShkwO4ztoEfTV8joYDWvDcp2pUTgTOxzOwXudJjSeIa6A==]}
{"logTime": "1029/145849", "correlationVector":"CcIxeFT4zpWpwmSwbdB50b.2","action":"EncryptionKeysManager::SetEncryptionKeysWithTimestamps:", "result":"Success", "context":Key timestamps[2]:[2024-10-24T12:04:30Z][2025-05-27T03:13:32Z]}
{"logTime": "1029/145849", "correlationVector":"h8fO/8U/ge17hbPVLhg1J7","action":"Initial GetUpdates", "result":"", "context":Reason: NEW_CLIENT. cV=h8fO/8U/ge17hbPVLhg1J7}
{"logTime": "1029/145849", "correlationVector":"h8fO/8U/ge17hbPVLhg1J7.3","action":"GetUpdates Response", "result":"Success", "context":Received 1 update(s). cV=h8fO/8U/ge17hbPVLhg1J7.0;server=akswtt02100001g;cloudType=Consumer;environment=Prod_southindia_prod-s01-004-apac-southindia;migrationStage=NotStarted}
{"logTime": "1029/145849", "correlationVector":"Z715zjXUYXk6kHrJXBmaRz","action":"Initial GetUpdates", "result":"", "context":Reason: NEWLY_SUPPORTED_DATATYPE. cV=Z715zjXUYXk6kHrJXBmaRz}
{"logTime": "1029/145850", "correlationVector":"Z715zjXUYXk6kHrJXBmaRz.1","action":"SyncServerConnectionManagerRequest", "result":"SYNC_SERVER_OK", "context":{"environment":"Prod_southindia_prod-s01-004-apac-southindia", "migrationStage":"NotStarted", "server":"akswtt02100000f"}}
{"logTime": "1029/145850", "correlationVector":"Z715zjXUYXk6kHrJXBmaRz.2","action":"ProcessGetUpdates", "result":"Done", "context":{"dataType":"Passwords", "deleted":"18", "process_failed_to_decrypt":"0", "process_pending_decryption":"0", "process_success":"33", "total":"33"}}
{"logTime": "1029/145850", "correlationVector":"Z715zjXUYXk6kHrJXBmaRz.3","action":"GetUpdates Response", "result":"Success", "context":Received 33 update(s). cV=Z715zjXUYXk6kHrJXBmaRz.0;server=akswtt02100000f;cloudType=Consumer;environment=Prod_southindia_prod-s01-004-apac-southindia;migrationStage=NotStarted}
{"logTime": "1029/145850", "correlationVector":"TDRXbebprUTcj3H9nIrhBG","action":"Normal GetUpdate request", "result":"", "context":cV=TDRXbebprUTcj3H9nIrhBG
Nudged types: History
Refresh requested types: Bookmarks, Passwords, Autofill Profiles, Autofill, History, Edge Wallet, Encryption Keys}
{"logTime": "1029/145850", "correlationVector":"TDRXbebprUTcj3H9nIrhBG.1","action":"SyncServerConnectionManagerRequest", "result":"SYNC_SERVER_OK", "context":{"environment":"Prod_southindia_prod-s01-004-apac-southindia", "migrationStage":"NotStarted", "server":"akswtt02100001t"}}
{"logTime": "1029/145850", "correlationVector":"TDRXbebprUTcj3H9nIrhBG.2","action":"ProcessGetUpdates", "result":"Done", "context":{"dataType":"History", "deleted":"0", "process_failed_to_decrypt":"0", "process_pending_decryption":"0", "process_success":"24", "total":"24"}}
{"logTime": "1029/145850", "correlationVector":"TDRXbebprUTcj3H9nIrhBG.3","action":"GetUpdates Response", "result":"Success", "context":Received 24 update(s). cV=TDRXbebprUTcj3H9nIrhBG.0;server=akswtt02100001t;cloudType=Consumer;environment=Prod_southindia_prod-s01-004-apac-southindia;migrationStage=NotStarted}
{"logTime": "1029/145850", "correlationVector":"ISQSL4GxKNCOr38fQrYhBg","action":"Poll GetUpdate request", "result":"", "context":cV=ISQSL4GxKNCOr38fQrYhBg}
{"logTime": "1029/145850", "correlationVector":"ISQSL4GxKNCOr38fQrYhBg.1","action":"SyncServerConnectionManagerRequest", "result":"SYNC_SERVER_OK", "context":{"environment":"Prod_southindia_prod-s01-004-apac-southindia", "migrationStage":"NotStarted", "server":"akswtt021000022"}}
{"logTime": "1029/145850", "correlationVector":"ISQSL4GxKNCOr38fQrYhBg.2","action":"GetUpdates Response", "result":"Success", "context":Received 0 update(s). cV=ISQSL4GxKNCOr38fQrYhBg.0;server=akswtt021000022;cloudType=Consumer;environment=Prod_southindia_prod-s01-004-apac-southindia;migrationStage=NotStarted}
{"logTime": "1029/145851", "correlationVector":"JVSSUtiGxi/z65X3cHrlpz","action":"Commit Request", "result":"", "context":Item count: 3
Contributing types: Passwords}
{"logTime": "1029/145852", "correlationVector":"JVSSUtiGxi/z65X3cHrlpz.1","action":"SyncServerConnectionManagerRequest", "result":"SYNC_SERVER_OK", "context":{"environment":"Prod_southindia_prod-s01-004-apac-southindia", "migrationStage":"NotStarted", "server":"akswtt02100001f"}}
{"logTime": "1029/145852", "correlationVector":"JVSSUtiGxi/z65X3cHrlpz.2","action":"Commit Response", "result":"Success", "context":Result: Success. cV=JVSSUtiGxi/z65X3cHrlpz.0;server=akswtt02100001f;cloudType=Consumer;environment=Prod_southindia_prod-s01-004-apac-southindia;migrationStage=NotStarted}
{"logTime": "1029/150009", "correlationVector":"wyOeDvmTTsD9a+I1+N9n5g","action":"Commit Request", "result":"", "context":Item count: 6
Contributing types: History}
{"logTime": "1029/150010", "correlationVector":"wyOeDvmTTsD9a+I1+N9n5g.1","action":"SyncServerConnectionManagerRequest", "result":"SYNC_SERVER_OK", "context":{"environment":"Prod_southindia_prod-s01-004-apac-southindia", "migrationStage":"NotStarted", "server":"akswtt021000006"}}
{"logTime": "1029/150010", "correlationVector":"wyOeDvmTTsD9a+I1+N9n5g.2","action":"Commit Response", "result":"Success", "context":Result: Success. cV=wyOeDvmTTsD9a+I1+N9n5g.0;server=akswtt021000006;cloudType=Consumer;environment=Prod_southindia_prod-s01-004-apac-southindia;migrationStage=NotStarted}
{"logTime": "1029/150120", "correlationVector":"zjY77UKrfzy7XRhFJiHTxN","action":"Commit Request", "result":"", "context":Item count: 5
Contributing types: History}
{"logTime": "1029/150121", "correlationVector":"zjY77UKrfzy7XRhFJiHTxN.1","action":"SyncServerConnectionManagerRequest", "result":"SYNC_SERVER_OK", "context":{"environment":"Prod_southindia_prod-s01-004-apac-southindia", "migrationStage":"NotStarted", "server":"akswtt02100000j"}}
{"logTime": "1029/150121", "correlationVector":"zjY77UKrfzy7XRhFJiHTxN.2","action":"Commit Response", "result":"Success", "context":Result: Success. cV=zjY77UKrfzy7XRhFJiHTxN.0;server=akswtt02100000j;cloudType=Consumer;environment=Prod_southindia_prod-s01-004-apac-southindia;migrationStage=NotStarted}
{"logTime": "1029/150330", "correlationVector":"zEqYQb+H3oDRQLgsbd2ZxD","action":"Commit Request", "result":"", "context":Item count: 2
Contributing types: History}
{"logTime": "1029/150331", "correlationVector":"zEqYQb+H3oDRQLgsbd2ZxD.1","action":"SyncServerConnectionManagerRequest", "result":"SYNC_SERVER_OK", "context":{"environment":"Prod_southindia_prod-s01-004-apac-southindia", "migrationStage":"NotStarted", "server":"akswtt02100000m"}}
{"logTime": "1029/150331", "correlationVector":"zEqYQb+H3oDRQLgsbd2ZxD.2","action":"Commit Response", "result":"Success", "context":Result: Success. cV=zEqYQb+H3oDRQLgsbd2ZxD.0;server=akswtt02100000m;cloudType=Consumer;environment=Prod_southindia_prod-s01-004-apac-southindia;migrationStage=NotStarted}
{"logTime": "1029/150431", "correlationVector":"Unm+L3t4TTaUm2+C1uTINn","action":"Commit Request", "result":"", "context":Item count: 4
Contributing types: History}
{"logTime": "1029/150432", "correlationVector":"Unm+L3t4TTaUm2+C1uTINn.1","action":"SyncServerConnectionManagerRequest", "result":"SYNC_SERVER_OK", "context":{"environment":"Prod_southindia_prod-s01-004-apac-southindia", "migrationStage":"NotStarted", "server":"akswtt02100002d"}}
{"logTime": "1029/150432", "correlationVector":"Unm+L3t4TTaUm2+C1uTINn.2","action":"Commit Response", "result":"Success", "context":Result: Success. cV=Unm+L3t4TTaUm2+C1uTINn.0;server=akswtt02100002d;cloudType=Consumer;environment=Prod_southindia_prod-s01-004-apac-southindia;migrationStage=NotStarted}
{"logTime": "1101/104938", "correlationVector":"VkWBYwMIvQ+j22PD3AjgZJ.1","action":"SyncServerConnectionManagerRequest", "result":"SYNC_SERVER_OK", "context":{"environment":"Prod_southindia_prod-s01-004-apac-southindia", "migrationStage":"NotStarted", "server":"akswtt021000027"}}
{"logTime": "1101/104938", "correlationVector":"VkWBYwMIvQ+j22PD3AjgZJ.2","action":"ProcessGetUpdates", "result":"Done", "context":{"dataType":"Encryption Keys", "deleted":"0", "process_failed_to_decrypt":"0", "process_pending_decryption":"0", "process_success":"1", "total":"1"}}
{"logTime": "1101/104939", "correlationVector":"R6ZfmeZp2goJPJtbGQqFWR","action":"SyncServerConnectionManagerRequest", "result":"SYNC_SERVER_OK", "context":{"environment":"", "migrationStage":"", "server":""}}
{"logTime": "1101/104939", "correlationVector":"R6ZfmeZp2goJPJtbGQqFWR.0","action":"EncryptionKeysFetcher.DownloadKeys:", "result":"Success", "context":Key count: 2, Last key timestamp: 2025-05-27T03:13:32Z}
{"logTime": "1101/104939", "correlationVector":"R6ZfmeZp2goJPJtbGQqFWR.1","action":"EncryptionKeysManager::SetEncryptionKeys:", "result":"Success", "context":Key names[2]:[O9Z70Y22bTNY1l2lLqyo16NKsMhbgxaUlf5Q8Hr3Lj9NbJJegu34QB0HpnbzdVDBCslUSnTmGd4gT8ZsfyN19g==][++muJo9tz8nUhunkooBFJgWzNqElz80bGyCsaPVpfShkwO4ztoEfTV8joYDWvDcp2pUTgTOxzOwXudJjSeIa6A==]}
{"logTime": "1101/104939", "correlationVector":"R6ZfmeZp2goJPJtbGQqFWR.2","action":"EncryptionKeysManager::SetEncryptionKeysWithTimestamps:", "result":"Success", "context":Key timestamps[2]:[2024-10-24T12:04:30Z][2025-05-27T03:13:32Z]}
{"logTime": "1101/104939", "correlationVector":"VkWBYwMIvQ+j22PD3AjgZJ","action":"Initial GetUpdates", "result":"", "context":Reason: NEW_CLIENT. cV=VkWBYwMIvQ+j22PD3AjgZJ}
{"logTime": "1101/104939", "correlationVector":"VkWBYwMIvQ+j22PD3AjgZJ.3","action":"GetUpdates Response", "result":"Success", "context":Received 1 update(s). cV=VkWBYwMIvQ+j22PD3AjgZJ.0;server=akswtt021000027;cloudType=Consumer;environment=Prod_southindia_prod-s01-004-apac-southindia;migrationStage=NotStarted}
{"logTime": "1101/104939", "correlationVector":"hcZhBr3N5VWlgRylJHVTGT","action":"Initial GetUpdates", "result":"", "context":Reason: NEWLY_SUPPORTED_DATATYPE. cV=hcZhBr3N5VWlgRylJHVTGT}
{"logTime": "1101/104939", "correlationVector":"hcZhBr3N5VWlgRylJHVTGT.1","action":"SyncServerConnectionManagerRequest", "result":"SYNC_SERVER_OK", "context":{"environment":"Prod_southindia_prod-s01-004-apac-southindia", "migrationStage":"NotStarted", "server":"akswtt02100000p"}}
{"logTime": "1101/104939", "correlationVector":"hcZhBr3N5VWlgRylJHVTGT.2","action":"ProcessGetUpdates", "result":"Done", "context":{"dataType":"Passwords", "deleted":"18", "process_failed_to_decrypt":"0", "process_pending_decryption":"0", "process_success":"33", "total":"33"}}
{"logTime": "1101/104939", "correlationVector":"hcZhBr3N5VWlgRylJHVTGT.3","action":"GetUpdates Response", "result":"Success", "context":Received 33 update(s). cV=hcZhBr3N5VWlgRylJHVTGT.0;server=akswtt02100000p;cloudType=Consumer;environment=Prod_southindia_prod-s01-004-apac-southindia;migrationStage=NotStarted}
{"logTime": "1101/104939", "correlationVector":"tOUbtb2PaCVjRMyM+/5GQp","action":"Normal GetUpdate request", "result":"", "context":cV=tOUbtb2PaCVjRMyM+/5GQp
Refresh requested types: Bookmarks, Passwords, Autofill Profiles, Autofill, History, Edge Wallet, Encryption Keys}
{"logTime": "1101/104940", "correlationVector":"tOUbtb2PaCVjRMyM+/5GQp.1","action":"SyncServerConnectionManagerRequest", "result":"SYNC_SERVER_OK", "context":{"environment":"Prod_southindia_prod-s01-004-apac-southindia", "migrationStage":"NotStarted", "server":"akswtt02100002g"}}
{"logTime": "1101/104940", "correlationVector":"tOUbtb2PaCVjRMyM+/5GQp.2","action":"ProcessGetUpdates", "result":"Done", "context":{"dataType":"History", "deleted":"0", "process_failed_to_decrypt":"0", "process_pending_decryption":"0", "process_success":"105", "total":"105"}}
{"logTime": "1101/104940", "correlationVector":"tOUbtb2PaCVjRMyM+/5GQp.3","action":"GetUpdates Response", "result":"Success", "context":Received 105 update(s). cV=tOUbtb2PaCVjRMyM+/5GQp.0;server=akswtt02100002g;cloudType=Consumer;environment=Prod_southindia_prod-s01-004-apac-southindia;migrationStage=NotStarted}
{"logTime": "1101/104940", "correlationVector":"TFwuBgt5uEPKcK0B9PJ7NF","action":"Poll GetUpdate request", "result":"", "context":cV=TFwuBgt5uEPKcK0B9PJ7NF}
{"logTime": "1101/104940", "correlationVector":"TFwuBgt5uEPKcK0B9PJ7NF.1","action":"SyncServerConnectionManagerRequest", "result":"SYNC_SERVER_OK", "context":{"environment":"Prod_southindia_prod-s01-004-apac-southindia", "migrationStage":"NotStarted", "server":"akswtt021000032"}}
{"logTime": "1101/104940", "correlationVector":"TFwuBgt5uEPKcK0B9PJ7NF.2","action":"GetUpdates Response", "result":"Success", "context":Received 0 update(s). cV=TFwuBgt5uEPKcK0B9PJ7NF.0;server=akswtt021000032;cloudType=Consumer;environment=Prod_southindia_prod-s01-004-apac-southindia;migrationStage=NotStarted}
{"logTime": "1101/104940", "correlationVector":"nYnlgPzzgItXeDeWKOUjKe","action":"Commit Request", "result":"", "context":Item count: 3
Contributing types: Passwords}
{"logTime": "1101/104941", "correlationVector":"nYnlgPzzgItXeDeWKOUjKe.1","action":"SyncServerConnectionManagerRequest", "result":"SYNC_SERVER_OK", "context":{"environment":"Prod_southindia_prod-s01-004-apac-southindia", "migrationStage":"NotStarted", "server":"akswtt021000040"}}
{"logTime": "1101/104941", "correlationVector":"nYnlgPzzgItXeDeWKOUjKe.2","action":"Commit Response", "result":"Success", "context":Result: Success. cV=nYnlgPzzgItXeDeWKOUjKe.0;server=akswtt021000040;cloudType=Consumer;environment=Prod_southindia_prod-s01-004-apac-southindia;migrationStage=NotStarted}
{"logTime": "1101/105055", "correlationVector":"p7hwyAZvFINjUKMKTEhWWC","action":"Commit Request", "result":"", "context":Item count: 2
Contributing types: History}
{"logTime": "1101/105055", "correlationVector":"p7hwyAZvFINjUKMKTEhWWC.1","action":"SyncServerConnectionManagerRequest", "result":"SYNC_SERVER_OK", "context":{"environment":"Prod_southindia_prod-s01-004-apac-southindia", "migrationStage":"NotStarted", "server":"akswtt021000038"}}
{"logTime": "1101/105055", "correlationVector":"p7hwyAZvFINjUKMKTEhWWC.2","action":"Commit Response", "result":"Success", "context":Result: Success. cV=p7hwyAZvFINjUKMKTEhWWC.0;server=akswtt021000038;cloudType=Consumer;environment=Prod_southindia_prod-s01-004-apac-southindia;migrationStage=NotStarted}
{"logTime": "1101/105309", "correlationVector":"iaeoyxBl1C8ORNIdwKK/jD","action":"Commit Request", "result":"", "context":Item count: 7
Contributing types: History}
{"logTime": "1101/105310", "correlationVector":"iaeoyxBl1C8ORNIdwKK/jD.1","action":"SyncServerConnectionManagerRequest", "result":"SYNC_SERVER_OK", "context":{"environment":"Prod_southindia_prod-s01-004-apac-southindia", "migrationStage":"NotStarted", "server":"akswtt02100001m"}}
{"logTime": "1101/105310", "correlationVector":"iaeoyxBl1C8ORNIdwKK/jD.2","action":"Commit Response", "result":"Success", "context":Result: Success. cV=iaeoyxBl1C8ORNIdwKK/jD.0;server=akswtt02100001m;cloudType=Consumer;environment=Prod_southindia_prod-s01-004-apac-southindia;migrationStage=NotStarted}
{"logTime": "1101/105421", "correlationVector":"oVd3KGshLHuN3Y4oZ4dJTn","action":"Commit Request", "result":"", "context":Item count: 4
Contributing types: History}
{"logTime": "1101/105422", "correlationVector":"oVd3KGshLHuN3Y4oZ4dJTn.1","action":"SyncServerConnectionManagerRequest", "result":"SYNC_SERVER_OK", "context":{"environment":"Prod_southindia_prod-s01-004-apac-southindia", "migrationStage":"NotStarted", "server":"akswtt02100002j"}}
{"logTime": "1101/105422", "correlationVector":"oVd3KGshLHuN3Y4oZ4dJTn.2","action":"Commit Response", "result":"Success", "context":Result: Success. cV=oVd3KGshLHuN3Y4oZ4dJTn.0;server=akswtt02100002j;cloudType=Consumer;environment=Prod_southindia_prod-s01-004-apac-southindia;migrationStage=NotStarted}
{"logTime": "1101/105527", "correlationVector":"oR4aUaTodeLnQKql5B+89V","action":"Commit Request", "result":"", "context":Item count: 3
Contributing types: History}
{"logTime": "1101/105528", "correlationVector":"oR4aUaTodeLnQKql5B+89V.1","action":"SyncServerConnectionManagerRequest", "result":"SYNC_SERVER_OK", "context":{"environment":"Prod_southindia_prod-s01-004-apac-southindia", "migrationStage":"NotStarted", "server":"akswtt021000019"}}
{"logTime": "1101/105528", "correlationVector":"oR4aUaTodeLnQKql5B+89V.2","action":"Commit Response", "result":"Success", "context":Result: Success. cV=oR4aUaTodeLnQKql5B+89V.0;server=akswtt021000019;cloudType=Consumer;environment=Prod_southindia_prod-s01-004-apac-southindia;migrationStage=NotStarted}
{"logTime": "1101/110202", "correlationVector":"LnjboX4DjOzbJ+pV8BimdN","action":"Commit Request", "result":"", "context":Item count: 3
Contributing types: History}
{"logTime": "1101/110203", "correlationVector":"LnjboX4DjOzbJ+pV8BimdN.1","action":"SyncServerConnectionManagerRequest", "result":"SYNC_SERVER_OK", "context":{"environment":"Prod_southindia_prod-s01-004-apac-southindia", "migrationStage":"NotStarted", "server":"akswtt02100002d"}}
{"logTime": "1101/110203", "correlationVector":"LnjboX4DjOzbJ+pV8BimdN.2","action":"Commit Response", "result":"Success", "context":Result: Success. cV=LnjboX4DjOzbJ+pV8BimdN.0;server=akswtt02100002d;cloudType=Consumer;environment=Prod_southindia_prod-s01-004-apac-southindia;migrationStage=NotStarted}
{"logTime": "1101/110327", "correlationVector":"YRLKt5GKrlML1qxgVjqXP2","action":"Commit Request", "result":"", "context":Item count: 3
Contributing types: History}
{"logTime": "1101/110328", "correlationVector":"YRLKt5GKrlML1qxgVjqXP2.1","action":"SyncServerConnectionManagerRequest", "result":"SYNC_SERVER_OK", "context":{"environment":"Prod_southindia_prod-s01-004-apac-southindia", "migrationStage":"NotStarted", "server":"akswtt021000040"}}
{"logTime": "1101/110328", "correlationVector":"YRLKt5GKrlML1qxgVjqXP2.2","action":"Commit Response", "result":"Success", "context":Result: Success. cV=YRLKt5GKrlML1qxgVjqXP2.0;server=akswtt021000040;cloudType=Consumer;environment=Prod_southindia_prod-s01-004-apac-southindia;migrationStage=NotStarted}
{"logTime": "1101/110555", "correlationVector":"mbRhugF3fo+/0tJKdyR3A+","action":"Commit Request", "result":"", "context":Item count: 3
Contributing types: History}
{"logTime": "1101/110556", "correlationVector":"mbRhugF3fo+/0tJKdyR3A+.1","action":"SyncServerConnectionManagerRequest", "result":"SYNC_SERVER_OK", "context":{"environment":"Prod_southindia_prod-s01-004-apac-southindia", "migrationStage":"NotStarted", "server":"akswtt02100004i"}}
{"logTime": "1101/110556", "correlationVector":"mbRhugF3fo+/0tJKdyR3A+.2","action":"Commit Response", "result":"Success", "context":Result: Success. cV=mbRhugF3fo+/0tJKdyR3A+.0;server=akswtt02100004i;cloudType=Consumer;environment=Prod_southindia_prod-s01-004-apac-southindia;migrationStage=NotStarted}
{"logTime": "1101/111500", "correlationVector":"nmTUxVj67/U++AYQdPG3PR","action":"Commit Request", "result":"", "context":Item count: 2
Contributing types: History}
{"logTime": "1101/111500", "correlationVector":"nmTUxVj67/U++AYQdPG3PR.1","action":"SyncServerConnectionManagerRequest", "result":"SYNC_SERVER_OK", "context":{"environment":"Prod_southindia_prod-s01-004-apac-southindia", "migrationStage":"NotStarted", "server":"akswtt02100000q"}}
{"logTime": "1101/111500", "correlationVector":"nmTUxVj67/U++AYQdPG3PR.2","action":"Commit Response", "result":"Success", "context":Result: Success. cV=nmTUxVj67/U++AYQdPG3PR.0;server=akswtt02100000q;cloudType=Consumer;environment=Prod_southindia_prod-s01-004-apac-southindia;migrationStage=NotStarted}
{"logTime": "1101/112841", "correlationVector":"nnlx46sYyWBlr4I9LXD8t/","action":"Commit Request", "result":"", "context":Item count: 3
Contributing types: History}
{"logTime": "1101/112842", "correlationVector":"nnlx46sYyWBlr4I9LXD8t/.1","action":"SyncServerConnectionManagerRequest", "result":"SYNC_SERVER_OK", "context":{"environment":"Prod_southindia_prod-s01-004-apac-southindia", "migrationStage":"NotStarted", "server":"akswtt021000015"}}
{"logTime": "1101/112842", "correlationVector":"nnlx46sYyWBlr4I9LXD8t/.2","action":"Commit Response", "result":"Success", "context":Result: Success. cV=nnlx46sYyWBlr4I9LXD8t/.0;server=akswtt021000015;cloudType=Consumer;environment=Prod_southindia_prod-s01-004-apac-southindia;migrationStage=NotStarted}
{"logTime": "1101/113011", "correlationVector":"49a3v0wibWFwpNWWjQFyv/","action":"Commit Request", "result":"", "context":Item count: 2
Contributing types: History}
{"logTime": "1101/113012", "correlationVector":"49a3v0wibWFwpNWWjQFyv/.1","action":"SyncServerConnectionManagerRequest", "result":"SYNC_SERVER_OK", "context":{"environment":"Prod_southindia_prod-s01-004-apac-southindia", "migrationStage":"NotStarted", "server":"akswtt02100002z"}}
{"logTime": "1101/113012", "correlationVector":"49a3v0wibWFwpNWWjQFyv/.2","action":"Commit Response", "result":"Success", "context":Result: Success. cV=49a3v0wibWFwpNWWjQFyv/.0;server=akswtt02100002z;cloudType=Consumer;environment=Prod_southindia_prod-s01-004-apac-southindia;migrationStage=NotStarted}
{"logTime": "1101/113136", "correlationVector":"AJvwdslpatFpLyXKx9V60u","action":"Commit Request", "result":"", "context":Item count: 3
Contributing types: History}
{"logTime": "1101/113137", "correlationVector":"AJvwdslpatFpLyXKx9V60u.1","action":"SyncServerConnectionManagerRequest", "result":"SYNC_SERVER_OK", "context":{"environment":"Prod_southindia_prod-s01-004-apac-southindia", "migrationStage":"NotStarted", "server":"akswtt021000034"}}
{"logTime": "1101/113137", "correlationVector":"AJvwdslpatFpLyXKx9V60u.2","action":"Commit Response", "result":"Success", "context":Result: Success. cV=AJvwdslpatFpLyXKx9V60u.0;server=akswtt021000034;cloudType=Consumer;environment=Prod_southindia_prod-s01-004-apac-southindia;migrationStage=NotStarted}
{"logTime": "1101/113358", "correlationVector":"Agigh/xFP7v/p791IJ6wXU","action":"Commit Request", "result":"", "context":Item count: 6
Contributing types: History}
{"logTime": "1101/113359", "correlationVector":"Agigh/xFP7v/p791IJ6wXU.1","action":"SyncServerConnectionManagerRequest", "result":"SYNC_SERVER_OK", "context":{"environment":"Prod_southindia_prod-s01-004-apac-southindia", "migrationStage":"NotStarted", "server":"akswtt02100001n"}}
{"logTime": "1101/113359", "correlationVector":"Agigh/xFP7v/p791IJ6wXU.2","action":"Commit Response", "result":"Success", "context":Result: Success. cV=Agigh/xFP7v/p791IJ6wXU.0;server=akswtt02100001n;cloudType=Consumer;environment=Prod_southindia_prod-s01-004-apac-southindia;migrationStage=NotStarted}
{"logTime": "1101/113555", "correlationVector":"nr2PwIPX3+VctWQLn8YTPl","action":"Commit Request", "result":"", "context":Item count: 2
Contributing types: History}
{"logTime": "1101/113555", "correlationVector":"nr2PwIPX3+VctWQLn8YTPl.1","action":"SyncServerConnectionManagerRequest", "result":"SYNC_SERVER_OK", "context":{"environment":"Prod_southindia_prod-s01-004-apac-southindia", "migrationStage":"NotStarted", "server":"akswtt02100002n"}}
{"logTime": "1101/113555", "correlationVector":"nr2PwIPX3+VctWQLn8YTPl.2","action":"Commit Response", "result":"Success", "context":Result: Success. cV=nr2PwIPX3+VctWQLn8YTPl.0;server=akswtt02100002n;cloudType=Consumer;environment=Prod_southindia_prod-s01-004-apac-southindia;migrationStage=NotStarted}
{"logTime": "1101/121538", "correlationVector":"J81ks6G+TKFPy//cRIKLsz.1","action":"SyncServerConnectionManagerRequest", "result":"SYNC_SERVER_OK", "context":{"environment":"Prod_southindia_prod-s01-004-apac-southindia", "migrationStage":"NotStarted", "server":"akswtt02100001w"}}
{"logTime": "1101/121538", "correlationVector":"J81ks6G+TKFPy//cRIKLsz.2","action":"ProcessGetUpdates", "result":"Done", "context":{"dataType":"Encryption Keys", "deleted":"0", "process_failed_to_decrypt":"0", "process_pending_decryption":"0", "process_success":"1", "total":"1"}}
{"logTime": "1101/121538", "correlationVector":"6xx+EtXRJDRoijigSTRtFC","action":"SyncServerConnectionManagerRequest", "result":"SYNC_SERVER_OK", "context":{"environment":"", "migrationStage":"", "server":""}}
{"logTime": "1101/121538", "correlationVector":"6xx+EtXRJDRoijigSTRtFC.0","action":"EncryptionKeysFetcher.DownloadKeys:", "result":"Success", "context":Key count: 2, Last key timestamp: 2025-05-27T03:13:32Z}
{"logTime": "1101/121538", "correlationVector":"6xx+EtXRJDRoijigSTRtFC.1","action":"EncryptionKeysManager::SetEncryptionKeys:", "result":"Success", "context":Key names[2]:[O9Z70Y22bTNY1l2lLqyo16NKsMhbgxaUlf5Q8Hr3Lj9NbJJegu34QB0HpnbzdVDBCslUSnTmGd4gT8ZsfyN19g==][++muJo9tz8nUhunkooBFJgWzNqElz80bGyCsaPVpfShkwO4ztoEfTV8joYDWvDcp2pUTgTOxzOwXudJjSeIa6A==]}
{"logTime": "1101/121538", "correlationVector":"6xx+EtXRJDRoijigSTRtFC.2","action":"EncryptionKeysManager::SetEncryptionKeysWithTimestamps:", "result":"Success", "context":Key timestamps[2]:[2024-10-24T12:04:30Z][2025-05-27T03:13:32Z]}
{"logTime": "1101/121538", "correlationVector":"J81ks6G+TKFPy//cRIKLsz","action":"Initial GetUpdates", "result":"", "context":Reason: NEW_CLIENT. cV=J81ks6G+TKFPy//cRIKLsz}
{"logTime": "1101/121538", "correlationVector":"J81ks6G+TKFPy//cRIKLsz.3","action":"GetUpdates Response", "result":"Success", "context":Received 1 update(s). cV=J81ks6G+TKFPy//cRIKLsz.0;server=akswtt02100001w;cloudType=Consumer;environment=Prod_southindia_prod-s01-004-apac-southindia;migrationStage=NotStarted}
{"logTime": "1101/121539", "correlationVector":"ByBtWwE0jYHc5wOg5m5uA/","action":"Initial GetUpdates", "result":"", "context":Reason: NEWLY_SUPPORTED_DATATYPE. cV=ByBtWwE0jYHc5wOg5m5uA/}
{"logTime": "1101/121539", "correlationVector":"ByBtWwE0jYHc5wOg5m5uA/.1","action":"SyncServerConnectionManagerRequest", "result":"SYNC_SERVER_OK", "context":{"environment":"Prod_southindia_prod-s01-004-apac-southindia", "migrationStage":"NotStarted", "server":"akswtt02100001l"}}
{"logTime": "1101/121539", "correlationVector":"ByBtWwE0jYHc5wOg5m5uA/.2","action":"ProcessGetUpdates", "result":"Done", "context":{"dataType":"Passwords", "deleted":"18", "process_failed_to_decrypt":"0", "process_pending_decryption":"0", "process_success":"33", "total":"33"}}
{"logTime": "1101/121539", "correlationVector":"ByBtWwE0jYHc5wOg5m5uA/.3","action":"GetUpdates Response", "result":"Success", "context":Received 33 update(s). cV=ByBtWwE0jYHc5wOg5m5uA/.0;server=akswtt02100001l;cloudType=Consumer;environment=Prod_southindia_prod-s01-004-apac-southindia;migrationStage=NotStarted}
{"logTime": "1101/121539", "correlationVector":"N3Ha6IUUXwCIpzUnxckVVx","action":"Normal GetUpdate request", "result":"", "context":cV=N3Ha6IUUXwCIpzUnxckVVx
Nudged types: History
Refresh requested types: Bookmarks, Passwords, Autofill Profiles, Autofill, History, Edge Wallet, Encryption Keys}
{"logTime": "1101/121539", "correlationVector":"N3Ha6IUUXwCIpzUnxckVVx.1","action":"SyncServerConnectionManagerRequest", "result":"SYNC_SERVER_OK", "context":{"environment":"Prod_southindia_prod-s01-004-apac-southindia", "migrationStage":"NotStarted", "server":"akswtt021000034"}}
{"logTime": "1101/121539", "correlationVector":"N3Ha6IUUXwCIpzUnxckVVx.2","action":"ProcessGetUpdates", "result":"Done", "context":{"dataType":"History", "deleted":"0", "process_failed_to_decrypt":"0", "process_pending_decryption":"0", "process_success":"31", "total":"31"}}
{"logTime": "1101/121539", "correlationVector":"N3Ha6IUUXwCIpzUnxckVVx.3","action":"GetUpdates Response", "result":"Success", "context":Received 31 update(s). cV=N3Ha6IUUXwCIpzUnxckVVx.0;server=akswtt021000034;cloudType=Consumer;environment=Prod_southindia_prod-s01-004-apac-southindia;migrationStage=NotStarted}
{"logTime": "1101/121539", "correlationVector":"UuGrwWAl03hSRwqk2WUki7","action":"Commit Request", "result":"", "context":Item count: 1
Contributing types: History}
{"logTime": "1101/121540", "correlationVector":"UuGrwWAl03hSRwqk2WUki7.1","action":"SyncServerConnectionManagerRequest", "result":"SYNC_SERVER_OK", "context":{"environment":"Prod_southindia_prod-s01-004-apac-southindia", "migrationStage":"NotStarted", "server":"akswtt02100002i"}}
{"logTime": "1101/121540", "correlationVector":"UuGrwWAl03hSRwqk2WUki7.2","action":"Commit Response", "result":"Success", "context":Result: Success. cV=UuGrwWAl03hSRwqk2WUki7.0;server=akswtt02100002i;cloudType=Consumer;environment=Prod_southindia_prod-s01-004-apac-southindia;migrationStage=NotStarted}
{"logTime": "1101/121540", "correlationVector":"I5IOMjW9Jtz4K3vGKDYLb5","action":"Commit Request", "result":"", "context":Item count: 3
Contributing types: Passwords}
{"logTime": "1101/121541", "correlationVector":"I5IOMjW9Jtz4K3vGKDYLb5.1","action":"SyncServerConnectionManagerRequest", "result":"SYNC_SERVER_OK", "context":{"environment":"Prod_southindia_prod-s01-004-apac-southindia", "migrationStage":"NotStarted", "server":"akswtt02100001l"}}
{"logTime": "1101/121541", "correlationVector":"I5IOMjW9Jtz4K3vGKDYLb5.2","action":"Commit Response", "result":"Success", "context":Result: Success. cV=I5IOMjW9Jtz4K3vGKDYLb5.0;server=akswtt02100001l;cloudType=Consumer;environment=Prod_southindia_prod-s01-004-apac-southindia;migrationStage=NotStarted}
{"logTime": "1101/121651", "correlationVector":"rudFlZ1u3VNmruzpwUYrgI","action":"Commit Request", "result":"", "context":Item count: 6
Contributing types: History}
{"logTime": "1101/121652", "correlationVector":"rudFlZ1u3VNmruzpwUYrgI.1","action":"SyncServerConnectionManagerRequest", "result":"SYNC_SERVER_OK", "context":{"environment":"Prod_southindia_prod-s01-004-apac-southindia", "migrationStage":"NotStarted", "server":"akswtt021000029"}}
{"logTime": "1101/121652", "correlationVector":"rudFlZ1u3VNmruzpwUYrgI.2","action":"Commit Response", "result":"Success", "context":Result: Success. cV=rudFlZ1u3VNmruzpwUYrgI.0;server=akswtt021000029;cloudType=Consumer;environment=Prod_southindia_prod-s01-004-apac-southindia;migrationStage=NotStarted}
{"logTime": "1101/121923", "correlationVector":"HXpvd/4iyNhQTeoMTi99Ge","action":"Commit Request", "result":"", "context":Item count: 7
Contributing types: History}
{"logTime": "1101/121924", "correlationVector":"HXpvd/4iyNhQTeoMTi99Ge.1","action":"SyncServerConnectionManagerRequest", "result":"SYNC_SERVER_OK", "context":{"environment":"Prod_southindia_prod-s01-004-apac-southindia", "migrationStage":"NotStarted", "server":"akswtt02100001o"}}
{"logTime": "1101/121924", "correlationVector":"HXpvd/4iyNhQTeoMTi99Ge.2","action":"Commit Response", "result":"Success", "context":Result: Success. cV=HXpvd/4iyNhQTeoMTi99Ge.0;server=akswtt02100001o;cloudType=Consumer;environment=Prod_southindia_prod-s01-004-apac-southindia;migrationStage=NotStarted}
{"logTime": "1101/122111", "correlationVector":"+RGB28vl6dnoV1kxy4xsc/","action":"Commit Request", "result":"", "context":Item count: 3
Contributing types: History}
{"logTime": "1101/122112", "correlationVector":"+RGB28vl6dnoV1kxy4xsc/.1","action":"SyncServerConnectionManagerRequest", "result":"SYNC_SERVER_OK", "context":{"environment":"Prod_southindia_prod-s01-004-apac-southindia", "migrationStage":"NotStarted", "server":"akswtt02100000p"}}
{"logTime": "1101/122112", "correlationVector":"+RGB28vl6dnoV1kxy4xsc/.2","action":"Commit Response", "result":"Success", "context":Result: Success. cV=+RGB28vl6dnoV1kxy4xsc/.0;server=akswtt02100000p;cloudType=Consumer;environment=Prod_southindia_prod-s01-004-apac-southindia;migrationStage=NotStarted}
{"logTime": "1101/122214", "correlationVector":"3VJr2YqHlaSAbaKH4WKDMl","action":"Commit Request", "result":"", "context":Item count: 3
Contributing types: History}
{"logTime": "1101/122215", "correlationVector":"3VJr2YqHlaSAbaKH4WKDMl.1","action":"SyncServerConnectionManagerRequest", "result":"SYNC_SERVER_OK", "context":{"environment":"Prod_southindia_prod-s01-004-apac-southindia", "migrationStage":"NotStarted", "server":"akswtt02100002h"}}
{"logTime": "1101/122215", "correlationVector":"3VJr2YqHlaSAbaKH4WKDMl.2","action":"Commit Response", "result":"Success", "context":Result: Success. cV=3VJr2YqHlaSAbaKH4WKDMl.0;server=akswtt02100002h;cloudType=Consumer;environment=Prod_southindia_prod-s01-004-apac-southindia;migrationStage=NotStarted}
{"logTime": "1101/122337", "correlationVector":"Uvhtwa97WsBk6luDmmVIr7","action":"Commit Request", "result":"", "context":Item count: 4
Contributing types: History}
{"logTime": "1101/122338", "correlationVector":"Uvhtwa97WsBk6luDmmVIr7.1","action":"SyncServerConnectionManagerRequest", "result":"SYNC_SERVER_OK", "context":{"environment":"Prod_southindia_prod-s01-004-apac-southindia", "migrationStage":"NotStarted", "server":"akswtt02100000o"}}
{"logTime": "1101/122338", "correlationVector":"Uvhtwa97WsBk6luDmmVIr7.2","action":"Commit Response", "result":"Success", "context":Result: Success. cV=Uvhtwa97WsBk6luDmmVIr7.0;server=akswtt02100000o;cloudType=Consumer;environment=Prod_southindia_prod-s01-004-apac-southindia;migrationStage=NotStarted}
{"logTime": "1101/122939", "correlationVector":"q06pSzwkkamQsVqQ14cVyH","action":"Commit Request", "result":"", "context":Item count: 3
Contributing types: History}
{"logTime": "1101/122939", "correlationVector":"q06pSzwkkamQsVqQ14cVyH.1","action":"SyncServerConnectionManagerRequest", "result":"SYNC_SERVER_OK", "context":{"environment":"Prod_southindia_prod-s01-004-apac-southindia", "migrationStage":"NotStarted", "server":"akswtt021000029"}}
{"logTime": "1101/122939", "correlationVector":"q06pSzwkkamQsVqQ14cVyH.2","action":"Commit Response", "result":"Success", "context":Result: Success. cV=q06pSzwkkamQsVqQ14cVyH.0;server=akswtt021000029;cloudType=Consumer;environment=Prod_southindia_prod-s01-004-apac-southindia;migrationStage=NotStarted}
{"logTime": "1101/124604", "correlationVector":"E7XivqyyVB8SX2X0KFCUY+","action":"Commit Request", "result":"", "context":Item count: 2
Contributing types: History}
{"logTime": "1101/124604", "correlationVector":"E7XivqyyVB8SX2X0KFCUY+.1","action":"SyncServerConnectionManagerRequest", "result":"SYNC_SERVER_OK", "context":{"environment":"Prod_southindia_prod-s01-004-apac-southindia", "migrationStage":"NotStarted", "server":"akswtt02100001m"}}
{"logTime": "1101/124604", "correlationVector":"E7XivqyyVB8SX2X0KFCUY+.2","action":"Commit Response", "result":"Success", "context":Result: Success. cV=E7XivqyyVB8SX2X0KFCUY+.0;server=akswtt02100001m;cloudType=Consumer;environment=Prod_southindia_prod-s01-004-apac-southindia;migrationStage=NotStarted}
{"logTime": "1101/124729", "correlationVector":"NP6LMOrbeFFz7EmKuP1CSU","action":"Commit Request", "result":"", "context":Item count: 3
Contributing types: History}
{"logTime": "1101/124730", "correlationVector":"NP6LMOrbeFFz7EmKuP1CSU.1","action":"SyncServerConnectionManagerRequest", "result":"SYNC_SERVER_OK", "context":{"environment":"Prod_southindia_prod-s01-004-apac-southindia", "migrationStage":"NotStarted", "server":"akswtt021000024"}}
{"logTime": "1101/124730", "correlationVector":"NP6LMOrbeFFz7EmKuP1CSU.2","action":"Commit Response", "result":"Success", "context":Result: Success. cV=NP6LMOrbeFFz7EmKuP1CSU.0;server=akswtt021000024;cloudType=Consumer;environment=Prod_southindia_prod-s01-004-apac-southindia;migrationStage=NotStarted}
{"logTime": "1101/124907", "correlationVector":"xN8WTTfSSFZtOmzzkgkD4W","action":"Commit Request", "result":"", "context":Item count: 4
Contributing types: History}
{"logTime": "1101/124907", "correlationVector":"xN8WTTfSSFZtOmzzkgkD4W.1","action":"SyncServerConnectionManagerRequest", "result":"SYNC_SERVER_OK", "context":{"environment":"Prod_southindia_prod-s01-004-apac-southindia", "migrationStage":"NotStarted", "server":"akswtt021000033"}}
{"logTime": "1101/124907", "correlationVector":"xN8WTTfSSFZtOmzzkgkD4W.2","action":"Commit Response", "result":"Success", "context":Result: Success. cV=xN8WTTfSSFZtOmzzkgkD4W.0;server=akswtt021000033;cloudType=Consumer;environment=Prod_southindia_prod-s01-004-apac-southindia;migrationStage=NotStarted}
{"logTime": "1101/125018", "correlationVector":"ZNjMG9sQAhh5k32x7+JHjW","action":"Commit Request", "result":"", "context":Item count: 2
Contributing types: History}
{"logTime": "1101/125018", "correlationVector":"ZNjMG9sQAhh5k32x7+JHjW.1","action":"SyncServerConnectionManagerRequest", "result":"SYNC_SERVER_OK", "context":{"environment":"Prod_southindia_prod-s01-004-apac-southindia", "migrationStage":"NotStarted", "server":"akswtt021000019"}}
{"logTime": "1101/125018", "correlationVector":"ZNjMG9sQAhh5k32x7+JHjW.2","action":"Commit Response", "result":"Success", "context":Result: Success. cV=ZNjMG9sQAhh5k32x7+JHjW.0;server=akswtt021000019;cloudType=Consumer;environment=Prod_southindia_prod-s01-004-apac-southindia;migrationStage=NotStarted}
{"logTime": "1101/125441", "correlationVector":"Y/NdP33/M0mVgf/Pwo4MP+","action":"Commit Request", "result":"", "context":Item count: 3
Contributing types: History}
{"logTime": "1101/125442", "correlationVector":"Y/NdP33/M0mVgf/Pwo4MP+.1","action":"SyncServerConnectionManagerRequest", "result":"SYNC_SERVER_OK", "context":{"environment":"Prod_southindia_prod-s01-004-apac-southindia", "migrationStage":"NotStarted", "server":"akswtt02100000j"}}
{"logTime": "1101/125442", "correlationVector":"Y/NdP33/M0mVgf/Pwo4MP+.2","action":"Commit Response", "result":"Success", "context":Result: Success. cV=Y/NdP33/M0mVgf/Pwo4MP+.0;server=akswtt02100000j;cloudType=Consumer;environment=Prod_southindia_prod-s01-004-apac-southindia;migrationStage=NotStarted}
{"logTime": "1101/125544", "correlationVector":"igAzNt0PYru7n5i5qxcU2q","action":"Commit Request", "result":"", "context":Item count: 4
Contributing types: History}
{"logTime": "1101/125545", "correlationVector":"igAzNt0PYru7n5i5qxcU2q.1","action":"SyncServerConnectionManagerRequest", "result":"SYNC_SERVER_OK", "context":{"environment":"Prod_southindia_prod-s01-004-apac-southindia", "migrationStage":"NotStarted", "server":"akswtt021000006"}}
{"logTime": "1101/125545", "correlationVector":"igAzNt0PYru7n5i5qxcU2q.2","action":"Commit Response", "result":"Success", "context":Result: Success. cV=igAzNt0PYru7n5i5qxcU2q.0;server=akswtt021000006;cloudType=Consumer;environment=Prod_southindia_prod-s01-004-apac-southindia;migrationStage=NotStarted}
{"logTime": "1103/061348", "correlationVector":"AY0riCP6GfIr3AWVbXDQi2.1","action":"SyncServerConnectionManagerRequest", "result":"SYNC_SERVER_OK", "context":{"environment":"Prod_southindia_prod-s01-004-apac-southindia", "migrationStage":"NotStarted", "server":"akswtt02100001i"}}
{"logTime": "1103/061348", "correlationVector":"AY0riCP6GfIr3AWVbXDQi2.2","action":"ProcessGetUpdates", "result":"Done", "context":{"dataType":"Encryption Keys", "deleted":"0", "process_failed_to_decrypt":"0", "process_pending_decryption":"0", "process_success":"1", "total":"1"}}
{"logTime": "1103/061349", "correlationVector":"bhgHNOB/EiLxqBt/B6VT3i","action":"SyncServerConnectionManagerRequest", "result":"SYNC_SERVER_OK", "context":{"environment":"", "migrationStage":"", "server":""}}
{"logTime": "1103/061349", "correlationVector":"bhgHNOB/EiLxqBt/B6VT3i.0","action":"EncryptionKeysFetcher.DownloadKeys:", "result":"Success", "context":Key count: 2, Last key timestamp: 2025-05-27T03:13:32Z}
{"logTime": "1103/061349", "correlationVector":"bhgHNOB/EiLxqBt/B6VT3i.1","action":"EncryptionKeysManager::SetEncryptionKeys:", "result":"Success", "context":Key names[2]:[O9Z70Y22bTNY1l2lLqyo16NKsMhbgxaUlf5Q8Hr3Lj9NbJJegu34QB0HpnbzdVDBCslUSnTmGd4gT8ZsfyN19g==][++muJo9tz8nUhunkooBFJgWzNqElz80bGyCsaPVpfShkwO4ztoEfTV8joYDWvDcp2pUTgTOxzOwXudJjSeIa6A==]}
{"logTime": "1103/061349", "correlationVector":"bhgHNOB/EiLxqBt/B6VT3i.2","action":"EncryptionKeysManager::SetEncryptionKeysWithTimestamps:", "result":"Success", "context":Key timestamps[2]:[2024-10-24T12:04:30Z][2025-05-27T03:13:32Z]}
{"logTime": "1103/061349", "correlationVector":"AY0riCP6GfIr3AWVbXDQi2","action":"Initial GetUpdates", "result":"", "context":Reason: NEW_CLIENT. cV=AY0riCP6GfIr3AWVbXDQi2}
{"logTime": "1103/061349", "correlationVector":"AY0riCP6GfIr3AWVbXDQi2.3","action":"GetUpdates Response", "result":"Success", "context":Received 1 update(s). cV=AY0riCP6GfIr3AWVbXDQi2.0;server=akswtt02100001i;cloudType=Consumer;environment=Prod_southindia_prod-s01-004-apac-southindia;migrationStage=NotStarted}
{"logTime": "1103/061349", "correlationVector":"mS9YaxBYDVIpcexHB2lHmx","action":"Initial GetUpdates", "result":"", "context":Reason: NEWLY_SUPPORTED_DATATYPE. cV=mS9YaxBYDVIpcexHB2lHmx}
{"logTime": "1103/061349", "correlationVector":"mS9YaxBYDVIpcexHB2lHmx.1","action":"SyncServerConnectionManagerRequest", "result":"SYNC_SERVER_OK", "context":{"environment":"Prod_southindia_prod-s01-004-apac-southindia", "migrationStage":"NotStarted", "server":"akswtt02100002w"}}
{"logTime": "1103/061349", "correlationVector":"mS9YaxBYDVIpcexHB2lHmx.2","action":"ProcessGetUpdates", "result":"Done", "context":{"dataType":"Passwords", "deleted":"18", "process_failed_to_decrypt":"0", "process_pending_decryption":"0", "process_success":"33", "total":"33"}}
{"logTime": "1103/061349", "correlationVector":"mS9YaxBYDVIpcexHB2lHmx.3","action":"GetUpdates Response", "result":"Success", "context":Received 33 update(s). cV=mS9YaxBYDVIpcexHB2lHmx.0;server=akswtt02100002w;cloudType=Consumer;environment=Prod_southindia_prod-s01-004-apac-southindia;migrationStage=NotStarted}
{"logTime": "1103/061349", "correlationVector":"Ih6IEm7iCl9iUWjlIDfmRi","action":"Initial GetUpdates", "result":"", "context":Reason: NEWLY_SUPPORTED_DATATYPE. cV=Ih6IEm7iCl9iUWjlIDfmRi}
{"logTime": "1103/061349", "correlationVector":"Ih6IEm7iCl9iUWjlIDfmRi.1","action":"SyncServerConnectionManagerRequest", "result":"SYNC_SERVER_OK", "context":{"environment":"Prod_southindia_prod-s01-004-apac-southindia", "migrationStage":"NotStarted", "server":"akswtt021000006"}}
{"logTime": "1103/061349", "correlationVector":"Ih6IEm7iCl9iUWjlIDfmRi.2","action":"ProcessGetUpdates", "result":"Done", "context":{"dataType":"Bookmarks", "deleted":"0", "process_failed_to_decrypt":"0", "process_pending_decryption":"0", "process_success":"10", "total":"10"}}
{"logTime": "1103/061349", "correlationVector":"Ih6IEm7iCl9iUWjlIDfmRi.3","action":"GetUpdates Response", "result":"Success", "context":Received 10 update(s). cV=Ih6IEm7iCl9iUWjlIDfmRi.0;server=akswtt021000006;cloudType=Consumer;environment=Prod_southindia_prod-s01-004-apac-southindia;migrationStage=NotStarted}
{"logTime": "1103/061350", "correlationVector":"FUKQ197ktVL8qjBkH0MmKs","action":"Normal GetUpdate request", "result":"", "context":cV=FUKQ197ktVL8qjBkH0MmKs
Nudged types: History
Refresh requested types: Bookmarks, Passwords, Autofill Profiles, Autofill, History, Edge Wallet, Encryption Keys}
{"logTime": "1103/061350", "correlationVector":"FUKQ197ktVL8qjBkH0MmKs.1","action":"SyncServerConnectionManagerRequest", "result":"SYNC_SERVER_OK", "context":{"environment":"Prod_southindia_prod-s01-004-apac-southindia", "migrationStage":"NotStarted", "server":"akswtt02100002s"}}
{"logTime": "1103/061350", "correlationVector":"FUKQ197ktVL8qjBkH0MmKs.2","action":"ProcessGetUpdates", "result":"Done", "context":{"dataType":"History", "deleted":"0", "process_failed_to_decrypt":"0", "process_pending_decryption":"0", "process_success":"33", "total":"33"}}
{"logTime": "1103/061350", "correlationVector":"FUKQ197ktVL8qjBkH0MmKs.3","action":"GetUpdates Response", "result":"Success", "context":Received 33 update(s). cV=FUKQ197ktVL8qjBkH0MmKs.0;server=akswtt02100002s;cloudType=Consumer;environment=Prod_southindia_prod-s01-004-apac-southindia;migrationStage=NotStarted}
{"logTime": "1103/061350", "correlationVector":"la+r7E53OqkHjGgHxgj5yt","action":"Poll GetUpdate request", "result":"", "context":cV=la+r7E53OqkHjGgHxgj5yt}
{"logTime": "1103/061350", "correlationVector":"la+r7E53OqkHjGgHxgj5yt.1","action":"SyncServerConnectionManagerRequest", "result":"SYNC_SERVER_OK", "context":{"environment":"Prod_southindia_prod-s01-004-apac-southindia", "migrationStage":"NotStarted", "server":"akswtt02100002v"}}
{"logTime": "1103/061350", "correlationVector":"la+r7E53OqkHjGgHxgj5yt.2","action":"GetUpdates Response", "result":"Success", "context":Received 0 update(s). cV=la+r7E53OqkHjGgHxgj5yt.0;server=akswtt02100002v;cloudType=Consumer;environment=Prod_southindia_prod-s01-004-apac-southindia;migrationStage=NotStarted}
{"logTime": "1103/061351", "correlationVector":"tYxrr0yF33UYQehInGKot5","action":"Commit Request", "result":"", "context":Item count: 3
Contributing types: Passwords}
{"logTime": "1103/061352", "correlationVector":"tYxrr0yF33UYQehInGKot5.1","action":"SyncServerConnectionManagerRequest", "result":"SYNC_SERVER_OK", "context":{"environment":"Prod_southeastasia_prod-s01-064-apac-southeastasia", "migrationStage":"NotStarted", "server":"akswtt10600000j"}}
{"logTime": "1103/061352", "correlationVector":"tYxrr0yF33UYQehInGKot5.2","action":"Commit Response", "result":"Success", "context":Result: Success. cV=tYxrr0yF33UYQehInGKot5.0;server=akswtt10600000j;cloudType=Consumer;environment=Prod_southeastasia_prod-s01-064-apac-southeastasia;migrationStage=NotStarted}
{"logTime": "1103/061503", "correlationVector":"LelTvpmcjgfhrGAadkIqYM","action":"Commit Request", "result":"", "context":Item count: 7
Contributing types: History}
{"logTime": "1103/061504", "correlationVector":"LelTvpmcjgfhrGAadkIqYM.1","action":"SyncServerConnectionManagerRequest", "result":"SYNC_SERVER_OK", "context":{"environment":"Prod_southindia_prod-s01-004-apac-southindia", "migrationStage":"NotStarted", "server":"akswtt021000015"}}
{"logTime": "1103/061504", "correlationVector":"LelTvpmcjgfhrGAadkIqYM.2","action":"Commit Response", "result":"Success", "context":Result: Success. cV=LelTvpmcjgfhrGAadkIqYM.0;server=akswtt021000015;cloudType=Consumer;environment=Prod_southindia_prod-s01-004-apac-southindia;migrationStage=NotStarted}
